This is LuaHBTeX, Version 1.14.0 (MiKTeX 22.1) (format=lualatex 2022.3.28)  11 APR 2022 14:37
 system commands enabled.
**twoandthree.tex
(./twoandthree.tex
LaTeX2e <2021-11-15> patch level 1
Lua module: luaotfload 2022-02-27 3.20 Lua based OpenType font support
Lua module: lualibs 2021-05-20 2.74 ConTeXt Lua standard libraries.
Lua module: lualibs-extended 2021-05-20 2.74 ConTeXt Lua libraries -- extended c
ollection.
luaotfload | conf : Root cache directory is "/home/kushik/.miktex/texmfs/data/lu
atex-cache/generic/names".
luaotfload | init : Loading fontloader "fontloader-2022-02-24.lua" from kpse-res
olved path "/usr/local/share/miktex-texmf/tex/luatex/luaotfload/fontloader-2022-
02-24.lua".
Lua-only attribute luaotfload@noligature = 1
luaotfload | init : Context OpenType loader version 3.119
Inserting `luaotfload.node_processor' at position 1 in `pre_linebreak_filter'.
Inserting `luaotfload.node_processor' at position 1 in `hpack_filter'.
Inserting `luaotfload.glyph_stream' at position 1 in `glyph_stream_provider'.
Inserting `luaotfload.define_font' at position 1 in `define_font'.
Lua-only attribute luaotfload_color_attribute = 2
luaotfload | conf : Root cache directory is "/home/kushik/.miktex/texmfs/data/lu
atex-cache/generic/names".
Inserting `luaotfload.harf.strip_prefix' at position 1 in `find_opentype_file'.
Inserting `luaotfload.harf.strip_prefix' at position 1 in `find_truetype_file'.
Removing  `luaotfload.glyph_stream' from `glyph_stream_provider'.
Inserting `luaotfload.harf.glyphstream' at position 1 in `glyph_stream_provider'
.
Inserting `luaotfload.harf.finalize_vlist' at position 1 in `post_linebreak_filt
er'.
Inserting `luaotfload.harf.finalize_hlist' at position 2 in `hpack_filter'.
Inserting `luaotfload.cleanup_files' at position 1 in `wrapup_run'.
Inserting `luaotfload.harf.finalize_unicode' at position 1 in `finish_pdffile'.
Inserting `luaotfload.glyphinfo' at position 1 in `glyph_info'.
Lua-only attribute luaotfload.letterspace_done = 3
Inserting `luaotfload.aux.set_sscale_dimens' at position 1 in `luaotfload.patch_
font'.
Inserting `luaotfload.aux.set_font_index' at position 2 in `luaotfload.patch_fon
t'.
Inserting `luaotfload.aux.patch_cambria_domh' at position 3 in `luaotfload.patch
_font'.
Inserting `luaotfload.aux.fixup_fontdata' at position 1 in `luaotfload.patch_fon
t_unsafe'.
Inserting `luaotfload.aux.set_capheight' at position 4 in `luaotfload.patch_font
'.
Inserting `luaotfload.aux.set_xheight' at position 5 in `luaotfload.patch_font'.
Inserting `luaotfload.rewrite_fontname' at position 6 in `luaotfload.patch_font'
. L3 programming layer <2022-02-24>
Inserting `tracingstacklevels' at position 1 in `input_level_string'.
(/usr/local/share/miktex-texmf/tex/latex/base/article.cls
Document Class: article 2021/10/04 v1.4n Standard LaTeX document class
(/usr/local/share/miktex-texmf/tex/latex/base/size12.clo
File: size12.clo 2021/10/04 v1.4n Standard LaTeX file (size option)
luaotfload | db : Font names database loaded from /home/kushik/.miktex/texmfs/da
ta/luatex-cache/generic/names/luaotfload-names.luc.gz)
\c@part=\count183
\c@section=\count184
\c@subsection=\count185
\c@subsubsection=\count186
\c@paragraph=\count187
\c@subparagraph=\count188
\c@figure=\count189
\c@table=\count190
\abovecaptionskip=\skip47
\belowcaptionskip=\skip48
\bibindent=\dimen137
)
(/home/kushik/.miktex/texmfs/install/tex/latex/geometry/geometry.sty
Package: geometry 2020/01/02 v5.9 Page Geometry

(/usr/local/share/miktex-texmf/tex/latex/graphics/keyval.sty
Package: keyval 2014/10/28 v1.15 key=value parser (DPC)
\KV@toks@=\toks16
)
(/usr/local/share/miktex-texmf/tex/generic/iftex/ifvtex.sty
Package: ifvtex 2019/10/25 v1.7 ifvtex legacy package. Use iftex instead.

(/usr/local/share/miktex-texmf/tex/generic/iftex/iftex.sty
Package: iftex 2022/02/03 v1.0f TeX engine tests
))
\Gm@cnth=\count191
\Gm@cntv=\count192
\c@Gm@tempcnt=\count193
\Gm@bindingoffset=\dimen138
\Gm@wd@mp=\dimen139
\Gm@odd@mp=\dimen140
\Gm@even@mp=\dimen141
\Gm@layoutwidth=\dimen142
\Gm@layoutheight=\dimen143
\Gm@layouthoffset=\dimen144
\Gm@layoutvoffset=\dimen145
\Gm@dimlist=\toks17

(/home/kushik/.miktex/texmfs/install/tex/latex/geometry/geometry.cfg))
(/usr/local/share/miktex-texmf/tex/latex/amsfonts/amsfonts.sty
Package: amsfonts 2013/01/14 v3.01 Basic AMSFonts support
\@emptytoks=\toks18
\symAMSa=\mathgroup4
\symAMSb=\mathgroup5
LaTeX Font Info:    Redeclaring math symbol \hbar on input line 98.
LaTeX Font Info:    Overwriting math alphabet `\mathfrak' in version `bold'
(Font)                  U/euf/m/n --> U/euf/b/n on input line 106.
)
(/usr/local/share/miktex-texmf/tex/latex/amsmath/amsmath.sty
Package: amsmath 2021/10/15 v2.17l AMS math features
\@mathmargin=\skip49

For additional information on amsmath, use the `?' option.
(/usr/local/share/miktex-texmf/tex/latex/amsmath/amstext.sty
Package: amstext 2021/08/26 v2.01 AMS text

(/usr/local/share/miktex-texmf/tex/latex/amsmath/amsgen.sty
File: amsgen.sty 1999/11/30 v2.0 generic functions
\@emptytoks=\toks19
\ex@=\dimen146
))
(/usr/local/share/miktex-texmf/tex/latex/amsmath/amsbsy.sty
Package: amsbsy 1999/11/29 v1.2d Bold Symbols
\pmbraise@=\dimen147
)
(/usr/local/share/miktex-texmf/tex/latex/amsmath/amsopn.sty
Package: amsopn 2021/08/26 v2.02 operator names
)
\inf@bad=\count194
LaTeX Info: Redefining \frac on input line 236.
\uproot@=\count195
\leftroot@=\count196
LaTeX Info: Redefining \overline on input line 399.
\classnum@=\count197
\DOTSCASE@=\count198
LaTeX Info: Redefining \ldots on input line 496.
LaTeX Info: Redefining \dots on input line 499.
LaTeX Info: Redefining \cdots on input line 620.
\Mathstrutbox@=\box50
\strutbox@=\box51
\big@size=\dimen148
LaTeX Font Info:    Redeclaring font encoding OML on input line 743.
LaTeX Font Info:    Redeclaring font encoding OMS on input line 744.
\macc@depth=\count199
\c@MaxMatrixCols=\count266
\dotsspace@=\muskip16
\c@parentequation=\count267
\dspbrk@lvl=\count268
\tag@help=\toks20
\row@=\count269
\column@=\count270
\maxfields@=\count271
\andhelp@=\toks21
\eqnshift@=\dimen149
\alignsep@=\dimen150
\tagshift@=\dimen151
\tagwidth@=\dimen152
\totwidth@=\dimen153
\lineht@=\dimen154
\@envbody=\toks22
\multlinegap=\skip50
\multlinetaggap=\skip51
\mathdisplay@stack=\toks23
LaTeX Info: Redefining \[ on input line 2938.
LaTeX Info: Redefining \] on input line 2939.
)
(/usr/local/share/miktex-texmf/tex/latex/amsfonts/amssymb.sty
Package: amssymb 2013/01/14 v3.01 AMS font symbols
)
(/usr/local/share/miktex-texmf/tex/latex/tools/multicol.sty
Package: multicol 2021/10/28 v1.9b multicolumn formatting (FMi)
\c@tracingmulticols=\count272
\mult@box=\box52
\multicol@leftmargin=\dimen155
\c@unbalance=\count273
\c@collectmore=\count274
\doublecol@number=\count275
\multicoltolerance=\count276
\multicolpretolerance=\count277
\full@width=\dimen156
\page@free=\dimen157
\premulticols=\dimen158
\postmulticols=\dimen159
\multicolsep=\skip52
\multicolbaselineskip=\skip53
\partial@page=\box53
\last@line=\box54
\maxbalancingoverflow=\dimen160
\mult@rightbox=\box55
\mult@grightbox=\box56
\mult@firstbox=\box57
\mult@gfirstbox=\box58
\@tempa=\box59
\@tempa=\box60
\@tempa=\box61
\@tempa=\box62
\@tempa=\box63
\@tempa=\box64
\@tempa=\box65
\@tempa=\box66
\@tempa=\box67
\@tempa=\box68
\@tempa=\box69
\@tempa=\box70
\@tempa=\box71
\@tempa=\box72
\@tempa=\box73
\@tempa=\box74
\@tempa=\box75
\@tempa=\box76
\@tempa=\box77
\@tempa=\box78
\@tempa=\box79
\@tempa=\box80
\@tempa=\box81
\@tempa=\box82
\@tempa=\box83
\@tempa=\box84
\@tempa=\box85
\@tempa=\box86
\@tempa=\box87
\@tempa=\box88
\@tempa=\box89
\@tempa=\box90
\@tempa=\box91
\@tempa=\box92
\@tempa=\box93
\@tempa=\box94
\c@minrows=\count278
\c@columnbadness=\count279
\c@finalcolumnbadness=\count280
\last@try=\dimen161
\multicolovershoot=\dimen162
\multicolundershoot=\dimen163
\mult@nat@firstbox=\box95
\colbreak@box=\box96
\mc@col@check@num=\count281
)
(/usr/local/share/miktex-texmf/tex/latex/graphics/graphicx.sty
Package: graphicx 2021/09/16 v1.2d Enhanced LaTeX Graphics (DPC,SPQR)

(/usr/local/share/miktex-texmf/tex/latex/graphics/graphics.sty
Package: graphics 2021/03/04 v1.4d Standard LaTeX Graphics (DPC,SPQR)

(/usr/local/share/miktex-texmf/tex/latex/graphics/trig.sty
Package: trig 2021/08/11 v1.11 sin cos tan (DPC)
)
(/usr/local/share/miktex-texmf/tex/latex/graphics-cfg/graphics.cfg
File: graphics.cfg 2016/06/04 v1.11 sample graphics configuration
)
Package graphics Info: Driver file: luatex.def on input line 107.

(/usr/local/share/miktex-texmf/tex/latex/graphics-def/luatex.def
File: luatex.def 2021/06/01 v1.2c Graphics/color driver for luatex
))
\Gin@req@height=\dimen164
\Gin@req@width=\dimen165
)
(/home/kushik/.miktex/texmfs/install/tex/latex/float/float.sty
Package: float 2001/11/08 v1.3d Float enhancements (AL)
\c@float@type=\count282
\float@exts=\toks24
\float@box=\box97
\@float@everytoks=\toks25
\@floatcapt=\box98
)
(/home/kushik/.miktex/texmfs/install/tex/latex/tocbibind/tocbibind.sty
Package: tocbibind 2010/10/13 v1.5k extra ToC listings
Package tocbibind Info: The document has section divisions on input line 50.


Package tocbibind Note: Using section or other style headings.

) (/usr/local/share/miktex-texmf/tex/latex/hyperref/hyperref.sty
Package: hyperref 2022-02-21 v7.00n Hypertext links for LaTeX

(/home/kushik/.miktex/texmfs/install/tex/generic/ltxcmds/ltxcmds.sty
Package: ltxcmds 2020-05-10 v1.25 LaTeX kernel commands for general use (HO)
)
(/usr/local/share/miktex-texmf/tex/generic/pdftexcmds/pdftexcmds.sty
Package: pdftexcmds 2020-06-27 v0.33 Utility functions of pdfTeX for LuaTeX (HO
)

(/home/kushik/.miktex/texmfs/install/tex/generic/infwarerr/infwarerr.sty
Package: infwarerr 2019/12/03 v1.5 Providing info/warning/error messages (HO)
)
Package pdftexcmds Info: \pdf@primitive is available.
Package pdftexcmds Info: \pdf@ifprimitive is available.
Package pdftexcmds Info: \pdfdraftmode found.
\pdftexcmds@toks=\toks26
)
(/home/kushik/.miktex/texmfs/install/tex/generic/kvsetkeys/kvsetkeys.sty
Package: kvsetkeys 2019/12/15 v1.18 Key value parser (HO)
)
(/home/kushik/.miktex/texmfs/install/tex/generic/kvdefinekeys/kvdefinekeys.sty
Package: kvdefinekeys 2019-12-19 v1.6 Define keys (HO)
) (/home/kushik/.miktex/texmfs/install/tex/generic/pdfescape/pdfescape.sty
Package: pdfescape 2019/12/09 v1.15 Implements pdfTeX's escape features (HO)
)
(/home/kushik/.miktex/texmfs/install/tex/latex/hycolor/hycolor.sty
Package: hycolor 2020-01-27 v1.10 Color options for hyperref/bookmark (HO)
)
(/home/kushik/.miktex/texmfs/install/tex/latex/letltxmacro/letltxmacro.sty
Package: letltxmacro 2019/12/03 v1.6 Let assignment for LaTeX macros (HO)
)
(/home/kushik/.miktex/texmfs/install/tex/latex/auxhook/auxhook.sty
Package: auxhook 2019-12-17 v1.6 Hooks for auxiliary files (HO)
)
(/home/kushik/.miktex/texmfs/install/tex/latex/kvoptions/kvoptions.sty
Package: kvoptions 2020-10-07 v3.14 Key value format for package options (HO)
)
\@linkdim=\dimen166
\Hy@linkcounter=\count283
\Hy@pagecounter=\count284

(/usr/local/share/miktex-texmf/tex/latex/hyperref/pd1enc.def
File: pd1enc.def 2022-02-21 v7.00n Hyperref: PDFDocEncoding definition (HO)
)
(/home/kushik/.miktex/texmfs/install/tex/generic/intcalc/intcalc.sty
Package: intcalc 2019/12/15 v1.3 Expandable calculations with integers (HO)
)
(/home/kushik/.miktex/texmfs/install/tex/generic/etexcmds/etexcmds.sty
Package: etexcmds 2019/12/15 v1.7 Avoid name clashes with e-TeX commands (HO)
)
\Hy@SavedSpaceFactor=\count285

(/usr/local/share/miktex-texmf/tex/latex/hyperref/puenc.def
File: puenc.def 2022-02-21 v7.00n Hyperref: PDF Unicode definition (HO)
)
Package hyperref Info: Hyper figures OFF on input line 4137.
Package hyperref Info: Link nesting OFF on input line 4142.
Package hyperref Info: Hyper index ON on input line 4145.
Package hyperref Info: Plain pages OFF on input line 4152.
Package hyperref Info: Backreferencing OFF on input line 4157.
Package hyperref Info: Implicit mode ON; LaTeX internals redefined.
Package hyperref Info: Bookmarks ON on input line 4390.
\c@Hy@tempcnt=\count286

(/usr/local/share/miktex-texmf/tex/latex/url/url.sty
\Urlmuskip=\muskip17
Package: url 2013/09/16  ver 3.4  Verb mode for urls, etc.
)
LaTeX Info: Redefining \url on input line 4749.
\XeTeXLinkMargin=\dimen167

(/home/kushik/.miktex/texmfs/install/tex/generic/bitset/bitset.sty
Package: bitset 2019/12/09 v1.3 Handle bit-vector datatype (HO)

(/home/kushik/.miktex/texmfs/install/tex/generic/bigintcalc/bigintcalc.sty
Package: bigintcalc 2019/12/15 v1.5 Expandable calculations on big integers (HO
)
))
\Fld@menulength=\count287
\Field@Width=\dimen168
\Fld@charsize=\dimen169
Package hyperref Info: Hyper figures OFF on input line 6027.
Package hyperref Info: Link nesting OFF on input line 6032.
Package hyperref Info: Hyper index ON on input line 6035.
Package hyperref Info: backreferencing OFF on input line 6042.
Package hyperref Info: Link coloring OFF on input line 6047.
Package hyperref Info: Link coloring with OCG OFF on input line 6052.
Package hyperref Info: PDF/A mode OFF on input line 6057.
LaTeX Info: Redefining \ref on input line 6097.
LaTeX Info: Redefining \pageref on input line 6101.

(/usr/local/share/miktex-texmf/tex/latex/base/atbegshi-ltx.sty
Package: atbegshi-ltx 2021/01/10 v1.0c Emulation of the original atbegshi
package with kernel methods
)
\Hy@abspage=\count288
\c@Item=\count289
\c@Hfootnote=\count290
)
Package hyperref Info: Driver (autodetected): hluatex.

(/usr/local/share/miktex-texmf/tex/latex/hyperref/hluatex.def
File: hluatex.def 2022-02-21 v7.00n Hyperref driver for luaTeX

(/home/kushik/.miktex/texmfs/install/tex/generic/stringenc/stringenc.sty
Package: stringenc 2019/11/29 v1.12 Convert strings between diff. encodings (HO
)
)
(/usr/local/share/miktex-texmf/tex/latex/base/atveryend-ltx.sty
Package: atveryend-ltx 2020/08/19 v1.0a Emulation of the original atveryend pac
kage
with kernel methods
)
\Fld@listcount=\count291
\c@bookmark@seq@number=\count292

(/home/kushik/.miktex/texmfs/install/tex/latex/rerunfilecheck/rerunfilecheck.st
y
Package: rerunfilecheck 2019/12/05 v1.9 Rerun checks for auxiliary files (HO)

(/home/kushik/.miktex/texmfs/install/tex/generic/uniquecounter/uniquecounter.st
y
Package: uniquecounter 2019/12/15 v1.4 Provide unlimited unique counter (HO)
)
Package uniquecounter Info: New unique counter `rerunfilecheck' on input line 2
86.
)
\Hy@SectionHShift=\skip54
) (/home/kushik/.miktex/texmfs/install/tex/latex/enumitem/enumitem.sty
Package: enumitem 2019/06/20 v3.9 Customized lists
\labelindent=\skip55
\enit@outerparindent=\dimen170
\enit@toks=\toks27
\enit@inbox=\box99
\enit@count@id=\count293
\enitdp@description=\count294
)
(/home/kushik/.miktex/texmfs/install/tex/latex/caption/caption.sty
Package: caption 2022/02/28 v3.6a Customizing captions (AR)

(/home/kushik/.miktex/texmfs/install/tex/latex/caption/caption3.sty
Package: caption3 2022/02/28 v2.3a caption3 kernel (AR)
\caption@tempdima=\dimen171
\captionmargin=\dimen172
\caption@leftmargin=\dimen173
\caption@rightmargin=\dimen174
\caption@width=\dimen175
\caption@indent=\dimen176
\caption@parindent=\dimen177
\caption@hangindent=\dimen178
Package caption Info: Standard document class detected.
)
\c@caption@flags=\count295
\c@continuedfloat=\count296
Package caption Info: float package is loaded.
Package caption Info: hyperref package is loaded.
)
(/home/kushik/.miktex/texmfs/install/tex/latex/caption/subcaption.sty
Package: subcaption 2022/01/07 v1.5 Sub-captions (AR)
\c@subfigure=\count297
\c@subtable=\count298
)
(/usr/local/share/miktex-texmf/tex/latex/base/fontenc.sty
Package: fontenc 2021/04/29 v2.0v Standard LaTeX package
LaTeX Font Info:    Trying to load font information for T1+lmr on input line 11
2.

(/usr/local/share/miktex-texmf/tex/latex/lm/t1lmr.fd
File: t1lmr.fd 2009/10/30 v1.6 Font defs for Latin Modern
))
(/usr/local/share/miktex-texmf/tex/latex/graphics/rotating.sty
Package: rotating 2016/08/11 v2.16d rotated objects in LaTeX

(/usr/local/share/miktex-texmf/tex/latex/base/ifthen.sty
Package: ifthen 2020/11/24 v1.1c Standard LaTeX ifthen package (DPC)
)
\c@r@tfl@t=\count299
\rotFPtop=\skip56
\rotFPbot=\skip57
\rot@float@box=\box100
\rot@mess@toks=\toks28
)
(/usr/local/share/miktex-texmf/tex/latex/l3backend/l3backend-luatex.def
File: l3backend-luatex.def 2022-02-07 L3 backend support: PDF output (LuaTeX)
\l__color_backend_stack_int=\count300
\l__pdf_internal_box=\box101
)
(./twoandthree.aux)
\openout1 = twoandthree.aux

LaTeX Font Info:    Checking defaults for OML/cmm/m/it on input line 15.
LaTeX Font Info:    ... okay on input line 15.
LaTeX Font Info:    Checking defaults for OMS/cmsy/m/n on input line 15.
LaTeX Font Info:    ... okay on input line 15.
LaTeX Font Info:    Checking defaults for OT1/cmr/m/n on input line 15.
LaTeX Font Info:    ... okay on input line 15.
LaTeX Font Info:    Checking defaults for T1/cmr/m/n on input line 15.
LaTeX Font Info:    ... okay on input line 15.
LaTeX Font Info:    Checking defaults for TS1/cmr/m/n on input line 15.
LaTeX Font Info:    Trying to load font information for TS1+cmr on input line 1
5.
 (/usr/local/share/miktex-texmf/tex/latex/base/ts1cmr.fd
File: ts1cmr.fd 2019/12/16 v2.5j Standard LaTeX font definitions
)
LaTeX Font Info:    ... okay on input line 15.
LaTeX Font Info:    Checking defaults for TU/lmr/m/n on input line 15.
LaTeX Font Info:    ... okay on input line 15.
LaTeX Font Info:    Checking defaults for OMX/cmex/m/n on input line 15.
LaTeX Font Info:    ... okay on input line 15.
LaTeX Font Info:    Checking defaults for U/cmr/m/n on input line 15.
LaTeX Font Info:    ... okay on input line 15.
LaTeX Font Info:    Checking defaults for PD1/pdf/m/n on input line 15.
LaTeX Font Info:    ... okay on input line 15.
LaTeX Font Info:    Checking defaults for PU/pdf/m/n on input line 15.
LaTeX Font Info:    ... okay on input line 15.

*geometry* driver: auto-detecting
*geometry* detected driver: luatex
*geometry* verbose mode - [ preamble ] result:
* driver: luatex
* paper: <default>
* layout: <same size as paper>
* layoutoffset:(h,v)=(0.0pt,0.0pt)
* modes: 
* h-part:(L,W,R)=(72.26999pt, 469.75502pt, 72.26999pt)
* v-part:(T,H,B)=(72.26999pt, 650.43001pt, 72.26999pt)
* \paperwidth=614.295pt
* \paperheight=794.96999pt
* \textwidth=469.75502pt
* \textheight=650.43001pt
* \oddsidemargin=0.0pt
* \evensidemargin=0.0pt
* \topmargin=-37.0pt
* \headheight=12.0pt
* \headsep=25.0pt
* \topskip=12.0pt
* \footskip=30.0pt
* \marginparwidth=44.0pt
* \marginparsep=10.0pt
* \columnsep=10.0pt
* \skip\footins=10.8pt plus 4.0pt minus 2.0pt
* \hoffset=0.0pt
* \voffset=0.0pt
* \mag=1000
* \@twocolumnfalse
* \@twosidefalse
* \@mparswitchfalse
* \@reversemarginfalse
* (1in=72.27pt=25.4mm, 1cm=28.453pt)

(/usr/local/share/miktex-texmf/tex/context/base/mkii/supp-pdf.mkii
[Loading MPS to PDF converter (version 2006.09.02).]
\scratchcounter=\count301
\scratchdimen=\dimen179
\scratchbox=\box102
\nofMPsegments=\count302
\nofMParguments=\count303
\everyMPshowfont=\toks29
\MPscratchCnt=\count304
\MPscratchDim=\dimen180
\MPnumerator=\count305
\makeMPintoPDFobject=\count306
\everyMPtoPDFconversion=\toks30
) (/usr/local/share/miktex-texmf/tex/latex/epstopdf-pkg/epstopdf-base.sty
Package: epstopdf-base 2020-01-24 v2.11 Base part for package epstopdf
Package epstopdf-base Info: Redefining graphics rule for `.eps' on input line 4
85.

(/usr/local/share/miktex-texmf/tex/latex/00miktex/epstopdf-sys.cfg
File: epstopdf-sys.cfg 2021/03/18 v2.0 Configuration of epstopdf for MiKTeX
))
Package hyperref Info: Link coloring OFF on input line 15.

(/usr/local/share/miktex-texmf/tex/latex/hyperref/nameref.sty
Package: nameref 2021-04-02 v2.47 Cross-referencing by name of section

(/home/kushik/.miktex/texmfs/install/tex/latex/refcount/refcount.sty
Package: refcount 2019/12/15 v3.6 Data extraction from label references (HO)
)
(/home/kushik/.miktex/texmfs/install/tex/generic/gettitlestring/gettitlestring.
sty
Package: gettitlestring 2019/12/15 v1.6 Cleanup title references (HO)
)
\c@section@level=\count307
)
LaTeX Info: Redefining \ref on input line 15.
LaTeX Info: Redefining \pageref on input line 15.
LaTeX Info: Redefining \nameref on input line 15.
 (./twoandthree.out) (./twoandthree.out)
\@outlinefile=\write3

\openout3 = twoandthree.out
Package caption Info: Begin \AtBeginDocument code.
Package caption Info: rotating package is loaded.
Package caption Info: End \AtBeginDocument code.
LaTeX Font Info:    Trying to load font information for U+msa on input line 24.


(/usr/local/share/miktex-texmf/tex/latex/amsfonts/umsa.fd
File: umsa.fd 2013/01/14 v3.01 AMS symbols A
)
LaTeX Font Info:    Trying to load font information for U+msb on input line 24.


(/usr/local/share/miktex-texmf/tex/latex/amsfonts/umsb.fd
File: umsb.fd 2013/01/14 v3.01 AMS symbols B
)
<ps2Bz.png, id=35, 433.62pt x 289.08pt>
File: ps2Bz.png Graphic file (type png)
<use ps2Bz.png>
Package luatex.def Info: ps2Bz.png  used on input line 54.
(luatex.def)             Requested size: 229.87704pt x 170.71451pt.
<psx2Bz.png, id=36, 433.62pt x 289.08pt>
File: psx2Bz.png Graphic file (type png)
<use psx2Bz.png>
Package luatex.def Info: psx2Bz.png  used on input line 55.
(luatex.def)             Requested size: 229.87704pt x 170.71451pt.
<psy2Bz.png, id=37, 433.62pt x 289.08pt>
File: psy2Bz.png Graphic file (type png)
<use psy2Bz.png>
Package luatex.def Info: psy2Bz.png  used on input line 60.
(luatex.def)             Requested size: 229.87704pt x 170.71451pt.
<psz2Bz.png, id=38, 433.62pt x 289.08pt>
File: psz2Bz.png Graphic file (type png)
<use psz2Bz.png>
Package luatex.def Info: psz2Bz.png  used on input line 61.
(luatex.def)             Requested size: 229.87704pt x 170.71451pt.
 [1

{/home/kushik/.miktex/texmfs/data/fonts/map/pdftex/pdftex.map}]
<vs2Bz.png, id=53, 433.62pt x 289.08pt>
File: vs2Bz.png Graphic file (type png)
<use vs2Bz.png>
Package luatex.def Info: vs2Bz.png  used on input line 67.
(luatex.def)             Requested size: 229.87704pt x 170.71451pt.
<vsx2Bz.png, id=54, 433.62pt x 289.08pt>
File: vsx2Bz.png Graphic file (type png)
<use vsx2Bz.png>
Package luatex.def Info: vsx2Bz.png  used on input line 68.
(luatex.def)             Requested size: 229.87704pt x 170.71451pt.
<vsy2Bz.png, id=55, 433.62pt x 289.08pt>
File: vsy2Bz.png Graphic file (type png)
<use vsy2Bz.png>
Package luatex.def Info: vsy2Bz.png  used on input line 73.
(luatex.def)             Requested size: 229.87704pt x 170.71451pt.
<vsz2Bz.png, id=56, 433.62pt x 289.08pt>
File: vsz2Bz.png Graphic file (type png)
<use vsz2Bz.png>
Package luatex.def Info: vsz2Bz.png  used on input line 74.
(luatex.def)             Requested size: 229.87704pt x 170.71451pt.
 [2<./ps2Bz.png><./psx2Bz.png><./psy2Bz.png><./psz2Bz.png>]
<multips2Bz.png, id=71, 433.62pt x 289.08pt>
File: multips2Bz.png Graphic file (type png)
<use multips2Bz.png>
Package luatex.def Info: multips2Bz.png  used on input line 80.
(luatex.def)             Requested size: 229.87704pt x 170.71451pt.
<multipsx2Bz.png, id=72, 433.62pt x 289.08pt>
File: multipsx2Bz.png Graphic file (type png)
<use multipsx2Bz.png>
Package luatex.def Info: multipsx2Bz.png  used on input line 81.
(luatex.def)             Requested size: 229.87704pt x 170.71451pt.
<multipsy2Bz.png, id=73, 433.62pt x 289.08pt>
File: multipsy2Bz.png Graphic file (type png)
<use multipsy2Bz.png>
Package luatex.def Info: multipsy2Bz.png  used on input line 86.
(luatex.def)             Requested size: 229.87704pt x 170.71451pt.
<multipsz2Bz.png, id=74, 433.62pt x 289.08pt>
File: multipsz2Bz.png Graphic file (type png)
<use multipsz2Bz.png>
Package luatex.def Info: multipsz2Bz.png  used on input line 87.
(luatex.def)             Requested size: 229.87704pt x 170.71451pt.
 [3<./vs2Bz.png><./vsx2Bz.png><./vsy2Bz.png><./vsz2Bz.png>]
<multivs2Bz.png, id=94, 433.62pt x 289.08pt>
File: multivs2Bz.png Graphic file (type png)
<use multivs2Bz.png>
Package luatex.def Info: multivs2Bz.png  used on input line 93.
(luatex.def)             Requested size: 229.87704pt x 170.71451pt.
<multivsx2Bz.png, id=95, 433.62pt x 289.08pt>
File: multivsx2Bz.png Graphic file (type png)
<use multivsx2Bz.png>
Package luatex.def Info: multivsx2Bz.png  used on input line 94.
(luatex.def)             Requested size: 229.87704pt x 170.71451pt.
<multivsy2Bz.png, id=96, 433.62pt x 289.08pt>
File: multivsy2Bz.png Graphic file (type png)
<use multivsy2Bz.png>
Package luatex.def Info: multivsy2Bz.png  used on input line 99.
(luatex.def)             Requested size: 229.87704pt x 170.71451pt.
<multivsz2Bz.png, id=97, 433.62pt x 289.08pt>
File: multivsz2Bz.png Graphic file (type png)
<use multivsz2Bz.png>
Package luatex.def Info: multivsz2Bz.png  used on input line 100.
(luatex.def)             Requested size: 229.87704pt x 170.71451pt.
 [4<./multips2Bz.png><./multipsx2Bz.png><./multipsy2Bz.png><./multipsz2Bz.png>]
 [5<./multivs2Bz.png><./multivsx2Bz.png><./multivsy2Bz.png><./multivsz2Bz.png>]
<ps2.png, id=123, 433.62pt x 289.08pt>
File: ps2.png Graphic file (type png)
<use ps2.png>
Package luatex.def Info: ps2.png  used on input line 120.
(luatex.def)             Requested size: 229.87704pt x 170.71451pt.
<psx2.png, id=124, 433.62pt x 289.08pt>
File: psx2.png Graphic file (type png)
<use psx2.png>
Package luatex.def Info: psx2.png  used on input line 121.
(luatex.def)             Requested size: 229.87704pt x 170.71451pt.
<psy2.png, id=125, 433.62pt x 289.08pt>
File: psy2.png Graphic file (type png)
<use psy2.png>
Package luatex.def Info: psy2.png  used on input line 126.
(luatex.def)             Requested size: 229.87704pt x 170.71451pt.
<psz2.png, id=126, 433.62pt x 289.08pt>
File: psz2.png Graphic file (type png)
<use psz2.png>
Package luatex.def Info: psz2.png  used on input line 127.
(luatex.def)             Requested size: 229.87704pt x 170.71451pt.
<vs2.png, id=131, 433.62pt x 289.08pt>
File: vs2.png Graphic file (type png)
<use vs2.png>
Package luatex.def Info: vs2.png  used on input line 133.
(luatex.def)             Requested size: 229.87704pt x 170.71451pt.
<vsx2.png, id=132, 433.62pt x 289.08pt>
File: vsx2.png Graphic file (type png)
<use vsx2.png>
Package luatex.def Info: vsx2.png  used on input line 134.
(luatex.def)             Requested size: 229.87704pt x 170.71451pt.
<vsy2.png, id=133, 433.62pt x 289.08pt>
File: vsy2.png Graphic file (type png)
<use vsy2.png>
Package luatex.def Info: vsy2.png  used on input line 139.
(luatex.def)             Requested size: 229.87704pt x 170.71451pt.
<vsz2.png, id=134, 433.62pt x 289.08pt>
File: vsz2.png Graphic file (type png)
<use vsz2.png>
Package luatex.def Info: vsz2.png  used on input line 140.
(luatex.def)             Requested size: 229.87704pt x 170.71451pt.
 [6<./ps2.png><./psx2.png><./psy2.png><./psz2.png>]
<multips2.png, id=150, 433.62pt x 289.08pt>
File: multips2.png Graphic file (type png)
<use multips2.png>
Package luatex.def Info: multips2.png  used on input line 146.
(luatex.def)             Requested size: 229.87704pt x 170.71451pt.
<multipsx2.png, id=151, 433.62pt x 289.08pt>
File: multipsx2.png Graphic file (type png)
<use multipsx2.png>
Package luatex.def Info: multipsx2.png  used on input line 147.
(luatex.def)             Requested size: 229.87704pt x 170.71451pt.
<multipsy2.png, id=152, 433.62pt x 289.08pt>
File: multipsy2.png Graphic file (type png)
<use multipsy2.png>
Package luatex.def Info: multipsy2.png  used on input line 152.
(luatex.def)             Requested size: 229.87704pt x 170.71451pt.
<multipsz2.png, id=153, 433.62pt x 289.08pt>
File: multipsz2.png Graphic file (type png)
<use multipsz2.png>
Package luatex.def Info: multipsz2.png  used on input line 153.
(luatex.def)             Requested size: 229.87704pt x 170.71451pt.
 [7<./vs2.png><./vsx2.png><./vsy2.png><./vsz2.png>]
<multivs2.png, id=169, 433.62pt x 289.08pt>
File: multivs2.png Graphic file (type png)
<use multivs2.png>
Package luatex.def Info: multivs2.png  used on input line 159.
(luatex.def)             Requested size: 229.87704pt x 170.71451pt.
<multivsx2.png, id=170, 433.62pt x 289.08pt>
File: multivsx2.png Graphic file (type png)
<use multivsx2.png>
Package luatex.def Info: multivsx2.png  used on input line 160.
(luatex.def)             Requested size: 229.87704pt x 170.71451pt.
<multivsy2.png, id=171, 433.62pt x 289.08pt>
File: multivsy2.png Graphic file (type png)
<use multivsy2.png>
Package luatex.def Info: multivsy2.png  used on input line 165.
(luatex.def)             Requested size: 229.87704pt x 170.71451pt.
<multivsz2.png, id=172, 433.62pt x 289.08pt>
File: multivsz2.png Graphic file (type png)
<use multivsz2.png>
Package luatex.def Info: multivsz2.png  used on input line 166.
(luatex.def)             Requested size: 229.87704pt x 170.71451pt.
 [8<./multips2.png><./multipsx2.png><./multipsy2.png><./multipsz2.png>] [9<./mul
tivs2.png><./multivsx2.png><./multivsy2.png><./multivsz2.png>]
Overfull \hbox (54.35127pt too wide) detected at line 180
\OML/cmm/m/it/12  \OT1/cmr/m/n/12 = [][] = [] \OMS/cmsy/m/n/12  [] \OT1/cmr/m
/n/12 = 13438\OML/cmm/m/it/12 :\OT1/cmr/m/n/12 549997326772 []
 []

<parabolic speed sampling.png, id=200, 433.62pt x 289.08pt>
File: parabolic speed sampling.png Graphic file (type png)
<use parabolic speed sampling.png>
Package luatex.def Info: parabolic speed sampling.png  used on input line 184.
(luatex.def)             Requested size: 229.87704pt x 170.71451pt.
<maxwellian speed sampling.png, id=201, 433.62pt x 289.08pt>
File: maxwellian speed sampling.png Graphic file (type png)
<use maxwellian speed sampling.png>
Package luatex.def Info: maxwellian speed sampling.png  used on input line 185.

(luatex.def)             Requested size: 229.87704pt x 170.71451pt.
[10<./parabolic speed sampling.png><./maxwellian speed sampling.png>]
<ps3Bz.png, id=215, 433.62pt x 289.08pt>
File: ps3Bz.png Graphic file (type png)
<use ps3Bz.png>
Package luatex.def Info: ps3Bz.png  used on input line 205.
(luatex.def)             Requested size: 229.87704pt x 170.71451pt.
<psx3Bz.png, id=216, 433.62pt x 289.08pt>
File: psx3Bz.png Graphic file (type png)
<use psx3Bz.png>
Package luatex.def Info: psx3Bz.png  used on input line 206.
(luatex.def)             Requested size: 229.87704pt x 170.71451pt.
<psy3Bz.png, id=217, 433.62pt x 289.08pt>
File: psy3Bz.png Graphic file (type png)
<use psy3Bz.png>
Package luatex.def Info: psy3Bz.png  used on input line 211.
(luatex.def)             Requested size: 229.87704pt x 170.71451pt.
<psz3Bz.png, id=218, 433.62pt x 289.08pt>
File: psz3Bz.png Graphic file (type png)
<use psz3Bz.png>
Package luatex.def Info: psz3Bz.png  used on input line 212.
(luatex.def)             Requested size: 229.87704pt x 170.71451pt.
<vs3Bz.png, id=219, 433.62pt x 289.08pt>
File: vs3Bz.png Graphic file (type png)
<use vs3Bz.png>
Package luatex.def Info: vs3Bz.png  used on input line 218.
(luatex.def)             Requested size: 229.87704pt x 170.71451pt.
<vsx3Bz.png, id=220, 433.62pt x 289.08pt>
File: vsx3Bz.png Graphic file (type png)
<use vsx3Bz.png>
Package luatex.def Info: vsx3Bz.png  used on input line 219.
(luatex.def)             Requested size: 229.87704pt x 170.71451pt.
 [11<./ps3Bz.png><./psx3Bz.png><./psy3Bz.png><./psz3Bz.png>]
<vsy3Bz.png, id=232, 433.62pt x 289.08pt>
File: vsy3Bz.png Graphic file (type png)
<use vsy3Bz.png>
Package luatex.def Info: vsy3Bz.png  used on input line 224.
(luatex.def)             Requested size: 229.87704pt x 170.71451pt.
<vsz3Bz.png, id=233, 433.62pt x 289.08pt>
File: vsz3Bz.png Graphic file (type png)
<use vsz3Bz.png>
Package luatex.def Info: vsz3Bz.png  used on input line 225.
(luatex.def)             Requested size: 229.87704pt x 170.71451pt.
<subps3Bz.png, id=234, 1445.4pt x 1445.4pt>
File: subps3Bz.png Graphic file (type png)
<use subps3Bz.png>
Package luatex.def Info: subps3Bz.png  used on input line 230.
(luatex.def)             Requested size: 469.74944pt x 625.96501pt.
<subpsx3Bz.png, id=235, 1445.4pt x 1445.4pt>
File: subpsx3Bz.png Graphic file (type png)
<use subpsx3Bz.png>
Package luatex.def Info: subpsx3Bz.png  used on input line 233.
(luatex.def)             Requested size: 469.74944pt x 569.06311pt.
 [12<./vs3Bz.png><./vsx3Bz.png><./vsy3Bz.png><./vsz3Bz.png>] [13<./subps3Bz.png>
]
<subpsy3Bz.png, id=252, 1445.4pt x 1445.4pt>
File: subpsy3Bz.png Graphic file (type png)
<use subpsy3Bz.png>
Package luatex.def Info: subpsy3Bz.png  used on input line 236.
(luatex.def)             Requested size: 469.74944pt x 569.06311pt.
<subpsz3Bz.png, id=253, 1445.4pt x 1445.4pt>
File: subpsz3Bz.png Graphic file (type png)
<use subpsz3Bz.png>
Package luatex.def Info: subpsz3Bz.png  used on input line 239.
(luatex.def)             Requested size: 469.74944pt x 569.06311pt.
 [14<./subpsx3Bz.png>]
[15<./subpsy3Bz.png>]
<subvs3Bz.png, id=266, 1445.4pt x 1445.4pt>
File: subvs3Bz.png Graphic file (type png)
<use subvs3Bz.png>
Package luatex.def Info: subvs3Bz.png  used on input line 243.
(luatex.def)             Requested size: 469.74944pt x 625.96501pt.
<subvsx3Bz.png, id=267, 1445.4pt x 1445.4pt>
File: subvsx3Bz.png Graphic file (type png)
<use subvsx3Bz.png>
Package luatex.def Info: subvsx3Bz.png  used on input line 246.
(luatex.def)             Requested size: 469.74944pt x 569.06311pt.
 [16<./subpsz3Bz.png>] [17<./subvs3Bz.png>]
<subvsy3Bz.png, id=280, 1445.4pt x 1445.4pt>
File: subvsy3Bz.png Graphic file (type png)
<use subvsy3Bz.png>
Package luatex.def Info: subvsy3Bz.png  used on input line 249.
(luatex.def)             Requested size: 469.74944pt x 569.06311pt.
<subvsz3Bz.png, id=281, 1445.4pt x 1445.4pt>
File: subvsz3Bz.png Graphic file (type png)
<use subvsz3Bz.png>
Package luatex.def Info: subvsz3Bz.png  used on input line 252.
(luatex.def)             Requested size: 469.74944pt x 569.06311pt.
 [18<./subvsx3Bz.png>] [19<./subvsy3Bz.png>] [20<./subvsz3Bz.png>]
<ps3.png, id=300, 433.62pt x 289.08pt>
File: ps3.png Graphic file (type png)
<use ps3.png>
Package luatex.def Info: ps3.png  used on input line 270.
(luatex.def)             Requested size: 229.87704pt x 170.71451pt.
<psx3.png, id=301, 433.62pt x 289.08pt>
File: psx3.png Graphic file (type png)
<use psx3.png>
Package luatex.def Info: psx3.png  used on input line 271.
(luatex.def)             Requested size: 229.87704pt x 170.71451pt.
<psy3.png, id=302, 433.62pt x 289.08pt>
File: psy3.png Graphic file (type png)
<use psy3.png>
Package luatex.def Info: psy3.png  used on input line 276.
(luatex.def)             Requested size: 229.87704pt x 170.71451pt.
<psz3.png, id=303, 433.62pt x 289.08pt>
File: psz3.png Graphic file (type png)
<use psz3.png>
Package luatex.def Info: psz3.png  used on input line 277.
(luatex.def)             Requested size: 229.87704pt x 170.71451pt.
 [21<./ps3.png><./psx3.png>]
<vs3.png, id=312, 433.62pt x 289.08pt>
File: vs3.png Graphic file (type png)
<use vs3.png>
Package luatex.def Info: vs3.png  used on input line 283.
(luatex.def)             Requested size: 229.87704pt x 170.71451pt.
<vsx3.png, id=313, 433.62pt x 289.08pt>
File: vsx3.png Graphic file (type png)
<use vsx3.png>
Package luatex.def Info: vsx3.png  used on input line 284.
(luatex.def)             Requested size: 229.87704pt x 170.71451pt.
<vsy3.png, id=314, 433.62pt x 289.08pt>
File: vsy3.png Graphic file (type png)
<use vsy3.png>
Package luatex.def Info: vsy3.png  used on input line 289.
(luatex.def)             Requested size: 229.87704pt x 170.71451pt.
<vsz3.png, id=315, 433.62pt x 289.08pt>
File: vsz3.png Graphic file (type png)
<use vsz3.png>
Package luatex.def Info: vsz3.png  used on input line 290.
(luatex.def)             Requested size: 229.87704pt x 170.71451pt.
[22<./psy3.png><./psz3.png><./vs3.png><./vsx3.png>]
<subps3.png, id=326, 1445.4pt x 1445.4pt>
File: subps3.png Graphic file (type png)
<use subps3.png>
Package luatex.def Info: subps3.png  used on input line 295.
(luatex.def)             Requested size: 469.74944pt x 625.96501pt.
<subpsx3.png, id=327, 1445.4pt x 1445.4pt>
File: subpsx3.png Graphic file (type png)
<use subpsx3.png>
Package luatex.def Info: subpsx3.png  used on input line 298.
(luatex.def)             Requested size: 469.74944pt x 569.06311pt.
 [23<./vsy3.png><./vsz3.png>] [24<./subps3.png>]
<subpsy3.png, id=341, 1445.4pt x 1445.4pt>
File: subpsy3.png Graphic file (type png)
<use subpsy3.png>
Package luatex.def Info: subpsy3.png  used on input line 301.
(luatex.def)             Requested size: 469.74944pt x 569.06311pt.
<subpsz3.png, id=342, 1445.4pt x 1445.4pt>
File: subpsz3.png Graphic file (type png)
<use subpsz3.png>
Package luatex.def Info: subpsz3.png  used on input line 304.
(luatex.def)             Requested size: 469.74944pt x 569.06311pt.
 [25<./subpsx3.png>] [26<./subpsy3.png>]
<subvs3.png, id=355, 1445.4pt x 1445.4pt>
File: subvs3.png Graphic file (type png)
<use subvs3.png>
Package luatex.def Info: subvs3.png  used on input line 308.
(luatex.def)             Requested size: 469.74944pt x 625.96501pt.
<subvsx3.png, id=356, 1445.4pt x 1445.4pt>
File: subvsx3.png Graphic file (type png)
<use subvsx3.png>
Package luatex.def Info: subvsx3.png  used on input line 311.
(luatex.def)             Requested size: 469.74944pt x 569.06311pt.
 [27<./subpsz3.png>] [28<./subvs3.png>]
<subvsy3.png, id=369, 1445.4pt x 1445.4pt>
File: subvsy3.png Graphic file (type png)
<use subvsy3.png>
Package luatex.def Info: subvsy3.png  used on input line 314.
(luatex.def)             Requested size: 469.74944pt x 569.06311pt.
<subvsz3.png, id=370, 1445.4pt x 1445.4pt>
File: subvsz3.png Graphic file (type png)
<use subvsz3.png>
Package luatex.def Info: subvsz3.png  used on input line 317.
(luatex.def)             Requested size: 469.74944pt x 569.06311pt.
 [29<./subvsx3.png>] [30<./subvsy3.png>] [31<./subvsz3.png>] [32] [33] (./twoan
dthree.aux)
Package rerunfilecheck Info: File `twoandthree.out' has not changed.
(rerunfilecheck)             Checksum: 7412E95CA7888D060F4B7F31D87838B5;2088.
)

Here is how much of LuaTeX's memory you used:
 13677 strings out of 477792
 100000,552014 words of node,token memory allocated
 522 words of node memory still in use:
   6 hlist, 2 vlist, 2 rule, 2 glue, 4 kern, 1 glyph, 8 attribute, 58 glue_spec,
 8 attribute_list, 1 write nodes
   avail lists: 2:572,3:306,4:21,5:419,6:64,7:8041,8:98,9:433,10:14,11:553
 33563 multiletter control sequences out of 65536+600000
 51 fonts using 3123271 bytes
 60i,8n,61p,2712b,457s stack positions out of 10000i,1000n,20000p,200000b,80000s
{/usr/local/share/miktex-texmf/fonts/enc/dvips/lm/lm-ec.enc}{/usr/local/share/mi
ktex-texmf/fonts/enc/dvips/lm/lm-ts1.enc}</usr/local/share/miktex-texmf/fonts/ty
pe1/public/amsfonts/cm/cmbx12.pfb></usr/local/share/miktex-texmf/fonts/type1/pub
lic/amsfonts/cm/cmex10.pfb></usr/local/share/miktex-texmf/fonts/type1/public/ams
fonts/cm/cmmi12.pfb></usr/local/share/miktex-texmf/fonts/type1/public/amsfonts/c
m/cmmi8.pfb></usr/local/share/miktex-texmf/fonts/type1/public/amsfonts/cm/cmmib1
0.pfb></usr/local/share/miktex-texmf/fonts/type1/public/amsfonts/cm/cmr12.pfb></
usr/local/share/miktex-texmf/fonts/type1/public/amsfonts/cm/cmr8.pfb></usr/local
/share/miktex-texmf/fonts/type1/public/amsfonts/cm/cmsy10.pfb></usr/local/share/
miktex-texmf/fonts/type1/public/amsfonts/cm/cmsy8.pfb></usr/local/share/miktex-t
exmf/fonts/type1/public/lm/lmbx12.pfb></usr/local/share/miktex-texmf/fonts/type1
/public/lm/lmr12.pfb></usr/local/share/miktex-texmf/fonts/type1/public/lm/lmr8.p
fb></usr/local/share/miktex-texmf/fonts/type1/public/lm/lmri12.pfb>
Output written on twoandthree.pdf (33 pages, 2727798 bytes).

PDF statistics: 453 PDF objects out of 1000 (max. 8388607)
 85 named destinations out of 1000 (max. 131072)
 65 words of extra memory for PDF output out of 10000 (max. 100000000)

