This is LuaHBTeX, Version 1.14.0 (MiKTeX 22.1) (format=lualatex 2022.3.17)  17 MAR 2022 19:42
 system commands enabled.
**check.tex
(./check.tex
LaTeX2e <2021-11-15> patch level 1
Lua module: luaotfload 2022-02-27 3.20 Lua based OpenType font support
Lua module: lualibs 2021-05-20 2.74 ConTeXt Lua standard libraries.
Lua module: lualibs-extended 2021-05-20 2.74 ConTeXt Lua libraries -- extended c
ollection.
luaotfload | conf : Root cache directory is "/home/kushik/.miktex/texmfs/data/lu
atex-cache/generic/names".
luaotfload | init : Loading fontloader "fontloader-2022-02-24.lua" from kpse-res
olved path "/usr/local/share/miktex-texmf/tex/luatex/luaotfload/fontloader-2022-
02-24.lua".
Lua-only attribute luaotfload@noligature = 1
luaotfload | init : Context OpenType loader version 3.119
Inserting `luaotfload.node_processor' at position 1 in `pre_linebreak_filter'.
Inserting `luaotfload.node_processor' at position 1 in `hpack_filter'.
Inserting `luaotfload.glyph_stream' at position 1 in `glyph_stream_provider'.
Inserting `luaotfload.define_font' at position 1 in `define_font'.
Lua-only attribute luaotfload_color_attribute = 2
luaotfload | conf : Root cache directory is "/home/kushik/.miktex/texmfs/data/lu
atex-cache/generic/names".
Inserting `luaotfload.harf.strip_prefix' at position 1 in `find_opentype_file'.
Inserting `luaotfload.harf.strip_prefix' at position 1 in `find_truetype_file'.
Removing  `luaotfload.glyph_stream' from `glyph_stream_provider'.
Inserting `luaotfload.harf.glyphstream' at position 1 in `glyph_stream_provider'
.
Inserting `luaotfload.harf.finalize_vlist' at position 1 in `post_linebreak_filt
er'.
Inserting `luaotfload.harf.finalize_hlist' at position 2 in `hpack_filter'.
Inserting `luaotfload.cleanup_files' at position 1 in `wrapup_run'.
Inserting `luaotfload.harf.finalize_unicode' at position 1 in `finish_pdffile'.
Inserting `luaotfload.glyphinfo' at position 1 in `glyph_info'.
Lua-only attribute luaotfload.letterspace_done = 3
Inserting `luaotfload.aux.set_sscale_dimens' at position 1 in `luaotfload.patch_
font'.
Inserting `luaotfload.aux.set_font_index' at position 2 in `luaotfload.patch_fon
t'.
Inserting `luaotfload.aux.patch_cambria_domh' at position 3 in `luaotfload.patch
_font'.
Inserting `luaotfload.aux.fixup_fontdata' at position 1 in `luaotfload.patch_fon
t_unsafe'.
Inserting `luaotfload.aux.set_capheight' at position 4 in `luaotfload.patch_font
'.
Inserting `luaotfload.aux.set_xheight' at position 5 in `luaotfload.patch_font'.
Inserting `luaotfload.rewrite_fontname' at position 6 in `luaotfload.patch_font'
. L3 programming layer <2022-02-24>
Inserting `tracingstacklevels' at position 1 in `input_level_string'.
(/usr/local/share/miktex-texmf/tex/latex/base/article.cls
Document Class: article 2021/10/04 v1.4n Standard LaTeX document class
(/usr/local/share/miktex-texmf/tex/latex/base/size12.clo
File: size12.clo 2021/10/04 v1.4n Standard LaTeX file (size option)
luaotfload | db : Font names database loaded from /home/kushik/.miktex/texmfs/da
ta/luatex-cache/generic/names/luaotfload-names.luc.gz)
\c@part=\count183
\c@section=\count184
\c@subsection=\count185
\c@subsubsection=\count186
\c@paragraph=\count187
\c@subparagraph=\count188
\c@figure=\count189
\c@table=\count190
\abovecaptionskip=\skip47
\belowcaptionskip=\skip48
\bibindent=\dimen137
)
(/home/kushik/.miktex/texmfs/install/tex/latex/geometry/geometry.sty
Package: geometry 2020/01/02 v5.9 Page Geometry

(/usr/local/share/miktex-texmf/tex/latex/graphics/keyval.sty
Package: keyval 2014/10/28 v1.15 key=value parser (DPC)
\KV@toks@=\toks16
)
(/usr/local/share/miktex-texmf/tex/generic/iftex/ifvtex.sty
Package: ifvtex 2019/10/25 v1.7 ifvtex legacy package. Use iftex instead.

(/usr/local/share/miktex-texmf/tex/generic/iftex/iftex.sty
Package: iftex 2022/02/03 v1.0f TeX engine tests
))
\Gm@cnth=\count191
\Gm@cntv=\count192
\c@Gm@tempcnt=\count193
\Gm@bindingoffset=\dimen138
\Gm@wd@mp=\dimen139
\Gm@odd@mp=\dimen140
\Gm@even@mp=\dimen141
\Gm@layoutwidth=\dimen142
\Gm@layoutheight=\dimen143
\Gm@layouthoffset=\dimen144
\Gm@layoutvoffset=\dimen145
\Gm@dimlist=\toks17

(/home/kushik/.miktex/texmfs/install/tex/latex/geometry/geometry.cfg))
(/usr/local/share/miktex-texmf/tex/latex/amsfonts/amsfonts.sty
Package: amsfonts 2013/01/14 v3.01 Basic AMSFonts support
\@emptytoks=\toks18
\symAMSa=\mathgroup4
\symAMSb=\mathgroup5
LaTeX Font Info:    Redeclaring math symbol \hbar on input line 98.
LaTeX Font Info:    Overwriting math alphabet `\mathfrak' in version `bold'
(Font)                  U/euf/m/n --> U/euf/b/n on input line 106.
)
(/usr/local/share/miktex-texmf/tex/latex/amsmath/amsmath.sty
Package: amsmath 2021/10/15 v2.17l AMS math features
\@mathmargin=\skip49

For additional information on amsmath, use the `?' option.
(/usr/local/share/miktex-texmf/tex/latex/amsmath/amstext.sty
Package: amstext 2021/08/26 v2.01 AMS text

(/usr/local/share/miktex-texmf/tex/latex/amsmath/amsgen.sty
File: amsgen.sty 1999/11/30 v2.0 generic functions
\@emptytoks=\toks19
\ex@=\dimen146
))
(/usr/local/share/miktex-texmf/tex/latex/amsmath/amsbsy.sty
Package: amsbsy 1999/11/29 v1.2d Bold Symbols
\pmbraise@=\dimen147
)
(/usr/local/share/miktex-texmf/tex/latex/amsmath/amsopn.sty
Package: amsopn 2021/08/26 v2.02 operator names
)
\inf@bad=\count194
LaTeX Info: Redefining \frac on input line 236.
\uproot@=\count195
\leftroot@=\count196
LaTeX Info: Redefining \overline on input line 399.
\classnum@=\count197
\DOTSCASE@=\count198
LaTeX Info: Redefining \ldots on input line 496.
LaTeX Info: Redefining \dots on input line 499.
LaTeX Info: Redefining \cdots on input line 620.
\Mathstrutbox@=\box50
\strutbox@=\box51
\big@size=\dimen148
LaTeX Font Info:    Redeclaring font encoding OML on input line 743.
LaTeX Font Info:    Redeclaring font encoding OMS on input line 744.
\macc@depth=\count199
\c@MaxMatrixCols=\count266
\dotsspace@=\muskip16
\c@parentequation=\count267
\dspbrk@lvl=\count268
\tag@help=\toks20
\row@=\count269
\column@=\count270
\maxfields@=\count271
\andhelp@=\toks21
\eqnshift@=\dimen149
\alignsep@=\dimen150
\tagshift@=\dimen151
\tagwidth@=\dimen152
\totwidth@=\dimen153
\lineht@=\dimen154
\@envbody=\toks22
\multlinegap=\skip50
\multlinetaggap=\skip51
\mathdisplay@stack=\toks23
LaTeX Info: Redefining \[ on input line 2938.
LaTeX Info: Redefining \] on input line 2939.
)
(/usr/local/share/miktex-texmf/tex/latex/amsfonts/amssymb.sty
Package: amssymb 2013/01/14 v3.01 AMS font symbols
)
(/usr/local/share/miktex-texmf/tex/latex/tools/multicol.sty
Package: multicol 2021/10/28 v1.9b multicolumn formatting (FMi)
\c@tracingmulticols=\count272
\mult@box=\box52
\multicol@leftmargin=\dimen155
\c@unbalance=\count273
\c@collectmore=\count274
\doublecol@number=\count275
\multicoltolerance=\count276
\multicolpretolerance=\count277
\full@width=\dimen156
\page@free=\dimen157
\premulticols=\dimen158
\postmulticols=\dimen159
\multicolsep=\skip52
\multicolbaselineskip=\skip53
\partial@page=\box53
\last@line=\box54
\maxbalancingoverflow=\dimen160
\mult@rightbox=\box55
\mult@grightbox=\box56
\mult@firstbox=\box57
\mult@gfirstbox=\box58
\@tempa=\box59
\@tempa=\box60
\@tempa=\box61
\@tempa=\box62
\@tempa=\box63
\@tempa=\box64
\@tempa=\box65
\@tempa=\box66
\@tempa=\box67
\@tempa=\box68
\@tempa=\box69
\@tempa=\box70
\@tempa=\box71
\@tempa=\box72
\@tempa=\box73
\@tempa=\box74
\@tempa=\box75
\@tempa=\box76
\@tempa=\box77
\@tempa=\box78
\@tempa=\box79
\@tempa=\box80
\@tempa=\box81
\@tempa=\box82
\@tempa=\box83
\@tempa=\box84
\@tempa=\box85
\@tempa=\box86
\@tempa=\box87
\@tempa=\box88
\@tempa=\box89
\@tempa=\box90
\@tempa=\box91
\@tempa=\box92
\@tempa=\box93
\@tempa=\box94
\c@minrows=\count278
\c@columnbadness=\count279
\c@finalcolumnbadness=\count280
\last@try=\dimen161
\multicolovershoot=\dimen162
\multicolundershoot=\dimen163
\mult@nat@firstbox=\box95
\colbreak@box=\box96
\mc@col@check@num=\count281
)
(/usr/local/share/miktex-texmf/tex/latex/graphics/graphicx.sty
Package: graphicx 2021/09/16 v1.2d Enhanced LaTeX Graphics (DPC,SPQR)

(/usr/local/share/miktex-texmf/tex/latex/graphics/graphics.sty
Package: graphics 2021/03/04 v1.4d Standard LaTeX Graphics (DPC,SPQR)

(/usr/local/share/miktex-texmf/tex/latex/graphics/trig.sty
Package: trig 2021/08/11 v1.11 sin cos tan (DPC)
)
(/usr/local/share/miktex-texmf/tex/latex/graphics-cfg/graphics.cfg
File: graphics.cfg 2016/06/04 v1.11 sample graphics configuration
)
Package graphics Info: Driver file: luatex.def on input line 107.

(/usr/local/share/miktex-texmf/tex/latex/graphics-def/luatex.def
File: luatex.def 2021/06/01 v1.2c Graphics/color driver for luatex
))
\Gin@req@height=\dimen164
\Gin@req@width=\dimen165
)
(/home/kushik/.miktex/texmfs/install/tex/latex/float/float.sty
Package: float 2001/11/08 v1.3d Float enhancements (AL)
\c@float@type=\count282
\float@exts=\toks24
\float@box=\box97
\@float@everytoks=\toks25
\@floatcapt=\box98
)
(/home/kushik/.miktex/texmfs/install/tex/latex/tocbibind/tocbibind.sty
Package: tocbibind 2010/10/13 v1.5k extra ToC listings
Package tocbibind Info: The document has section divisions on input line 50.


Package tocbibind Note: Using section or other style headings.

) (/usr/local/share/miktex-texmf/tex/latex/hyperref/hyperref.sty
Package: hyperref 2022-02-21 v7.00n Hypertext links for LaTeX

(/home/kushik/.miktex/texmfs/install/tex/generic/ltxcmds/ltxcmds.sty
Package: ltxcmds 2020-05-10 v1.25 LaTeX kernel commands for general use (HO)
)
(/usr/local/share/miktex-texmf/tex/generic/pdftexcmds/pdftexcmds.sty
Package: pdftexcmds 2020-06-27 v0.33 Utility functions of pdfTeX for LuaTeX (HO
)

(/home/kushik/.miktex/texmfs/install/tex/generic/infwarerr/infwarerr.sty
Package: infwarerr 2019/12/03 v1.5 Providing info/warning/error messages (HO)
)
Package pdftexcmds Info: \pdf@primitive is available.
Package pdftexcmds Info: \pdf@ifprimitive is available.
Package pdftexcmds Info: \pdfdraftmode found.
\pdftexcmds@toks=\toks26
)
(/home/kushik/.miktex/texmfs/install/tex/generic/kvsetkeys/kvsetkeys.sty
Package: kvsetkeys 2019/12/15 v1.18 Key value parser (HO)
)
(/home/kushik/.miktex/texmfs/install/tex/generic/kvdefinekeys/kvdefinekeys.sty
Package: kvdefinekeys 2019-12-19 v1.6 Define keys (HO)
) (/home/kushik/.miktex/texmfs/install/tex/generic/pdfescape/pdfescape.sty
Package: pdfescape 2019/12/09 v1.15 Implements pdfTeX's escape features (HO)
)
(/home/kushik/.miktex/texmfs/install/tex/latex/hycolor/hycolor.sty
Package: hycolor 2020-01-27 v1.10 Color options for hyperref/bookmark (HO)
)
(/home/kushik/.miktex/texmfs/install/tex/latex/letltxmacro/letltxmacro.sty
Package: letltxmacro 2019/12/03 v1.6 Let assignment for LaTeX macros (HO)
)
(/home/kushik/.miktex/texmfs/install/tex/latex/auxhook/auxhook.sty
Package: auxhook 2019-12-17 v1.6 Hooks for auxiliary files (HO)
)
(/home/kushik/.miktex/texmfs/install/tex/latex/kvoptions/kvoptions.sty
Package: kvoptions 2020-10-07 v3.14 Key value format for package options (HO)
)
\@linkdim=\dimen166
\Hy@linkcounter=\count283
\Hy@pagecounter=\count284

(/usr/local/share/miktex-texmf/tex/latex/hyperref/pd1enc.def
File: pd1enc.def 2022-02-21 v7.00n Hyperref: PDFDocEncoding definition (HO)
)
(/home/kushik/.miktex/texmfs/install/tex/generic/intcalc/intcalc.sty
Package: intcalc 2019/12/15 v1.3 Expandable calculations with integers (HO)
)
(/home/kushik/.miktex/texmfs/install/tex/generic/etexcmds/etexcmds.sty
Package: etexcmds 2019/12/15 v1.7 Avoid name clashes with e-TeX commands (HO)
)
\Hy@SavedSpaceFactor=\count285

(/usr/local/share/miktex-texmf/tex/latex/hyperref/puenc.def
File: puenc.def 2022-02-21 v7.00n Hyperref: PDF Unicode definition (HO)
)
Package hyperref Info: Hyper figures OFF on input line 4137.
Package hyperref Info: Link nesting OFF on input line 4142.
Package hyperref Info: Hyper index ON on input line 4145.
Package hyperref Info: Plain pages OFF on input line 4152.
Package hyperref Info: Backreferencing OFF on input line 4157.
Package hyperref Info: Implicit mode ON; LaTeX internals redefined.
Package hyperref Info: Bookmarks ON on input line 4390.
\c@Hy@tempcnt=\count286

(/usr/local/share/miktex-texmf/tex/latex/url/url.sty
\Urlmuskip=\muskip17
Package: url 2013/09/16  ver 3.4  Verb mode for urls, etc.
)
LaTeX Info: Redefining \url on input line 4749.
\XeTeXLinkMargin=\dimen167

(/home/kushik/.miktex/texmfs/install/tex/generic/bitset/bitset.sty
Package: bitset 2019/12/09 v1.3 Handle bit-vector datatype (HO)

(/home/kushik/.miktex/texmfs/install/tex/generic/bigintcalc/bigintcalc.sty
Package: bigintcalc 2019/12/15 v1.5 Expandable calculations on big integers (HO
)
))
\Fld@menulength=\count287
\Field@Width=\dimen168
\Fld@charsize=\dimen169
Package hyperref Info: Hyper figures OFF on input line 6027.
Package hyperref Info: Link nesting OFF on input line 6032.
Package hyperref Info: Hyper index ON on input line 6035.
Package hyperref Info: backreferencing OFF on input line 6042.
Package hyperref Info: Link coloring OFF on input line 6047.
Package hyperref Info: Link coloring with OCG OFF on input line 6052.
Package hyperref Info: PDF/A mode OFF on input line 6057.
LaTeX Info: Redefining \ref on input line 6097.
LaTeX Info: Redefining \pageref on input line 6101.

(/usr/local/share/miktex-texmf/tex/latex/base/atbegshi-ltx.sty
Package: atbegshi-ltx 2021/01/10 v1.0c Emulation of the original atbegshi
package with kernel methods
)
\Hy@abspage=\count288
\c@Item=\count289
\c@Hfootnote=\count290
)
Package hyperref Info: Driver (autodetected): hluatex.

(/usr/local/share/miktex-texmf/tex/latex/hyperref/hluatex.def
File: hluatex.def 2022-02-21 v7.00n Hyperref driver for luaTeX

(/home/kushik/.miktex/texmfs/install/tex/generic/stringenc/stringenc.sty
Package: stringenc 2019/11/29 v1.12 Convert strings between diff. encodings (HO
)
)
(/usr/local/share/miktex-texmf/tex/latex/base/atveryend-ltx.sty
Package: atveryend-ltx 2020/08/19 v1.0a Emulation of the original atveryend pac
kage
with kernel methods
)
\Fld@listcount=\count291
\c@bookmark@seq@number=\count292

(/home/kushik/.miktex/texmfs/install/tex/latex/rerunfilecheck/rerunfilecheck.st
y
Package: rerunfilecheck 2019/12/05 v1.9 Rerun checks for auxiliary files (HO)

(/home/kushik/.miktex/texmfs/install/tex/generic/uniquecounter/uniquecounter.st
y
Package: uniquecounter 2019/12/15 v1.4 Provide unlimited unique counter (HO)
)
Package uniquecounter Info: New unique counter `rerunfilecheck' on input line 2
86.
)
\Hy@SectionHShift=\skip54
) (/home/kushik/.miktex/texmfs/install/tex/latex/enumitem/enumitem.sty
Package: enumitem 2019/06/20 v3.9 Customized lists
\labelindent=\skip55
\enit@outerparindent=\dimen170
\enit@toks=\toks27
\enit@inbox=\box99
\enit@count@id=\count293
\enitdp@description=\count294
)
(/home/kushik/.miktex/texmfs/install/tex/latex/caption/caption.sty
Package: caption 2022/02/28 v3.6a Customizing captions (AR)

(/home/kushik/.miktex/texmfs/install/tex/latex/caption/caption3.sty
Package: caption3 2022/02/28 v2.3a caption3 kernel (AR)
\caption@tempdima=\dimen171
\captionmargin=\dimen172
\caption@leftmargin=\dimen173
\caption@rightmargin=\dimen174
\caption@width=\dimen175
\caption@indent=\dimen176
\caption@parindent=\dimen177
\caption@hangindent=\dimen178
Package caption Info: Standard document class detected.
)
\c@caption@flags=\count295
\c@continuedfloat=\count296
Package caption Info: float package is loaded.
Package caption Info: hyperref package is loaded.
)
(/home/kushik/.miktex/texmfs/install/tex/latex/caption/subcaption.sty
Package: subcaption 2022/01/07 v1.5 Sub-captions (AR)
\c@subfigure=\count297
\c@subtable=\count298
)
(/usr/local/share/miktex-texmf/tex/latex/base/fontenc.sty
Package: fontenc 2021/04/29 v2.0v Standard LaTeX package
LaTeX Font Info:    Trying to load font information for T1+lmr on input line 11
2.

(/usr/local/share/miktex-texmf/tex/latex/lm/t1lmr.fd
File: t1lmr.fd 2009/10/30 v1.6 Font defs for Latin Modern
))
(/usr/local/share/miktex-texmf/tex/latex/xcolor/xcolor.sty
Package: xcolor 2021/10/31 v2.13 LaTeX color extensions (UK)

(/usr/local/share/miktex-texmf/tex/latex/graphics-cfg/color.cfg
File: color.cfg 2016/01/02 v1.6 sample color configuration
)
Package xcolor Info: Driver file: luatex.def on input line 227.
Package xcolor Info: Model `cmy' substituted by `cmy0' on input line 1352.
Package xcolor Info: Model `hsb' substituted by `rgb' on input line 1356.
Package xcolor Info: Model `RGB' extended on input line 1368.
Package xcolor Info: Model `HTML' substituted by `rgb' on input line 1370.
Package xcolor Info: Model `Hsb' substituted by `hsb' on input line 1371.
Package xcolor Info: Model `tHsb' substituted by `hsb' on input line 1372.
Package xcolor Info: Model `HSB' substituted by `hsb' on input line 1373.
Package xcolor Info: Model `Gray' substituted by `gray' on input line 1374.
Package xcolor Info: Model `wave' substituted by `hsb' on input line 1375.
)
(/home/kushik/.miktex/texmfs/install/tex/latex/pgfgantt/pgfgantt.sty
Package: pgfgantt 2018/01/10 v5.0 Draw Gantt diagrams with TikZ

(/usr/local/share/miktex-texmf/tex/latex/pgf/frontendlayer/tikz.sty
(/usr/local/share/miktex-texmf/tex/latex/pgf/basiclayer/pgf.sty
(/usr/local/share/miktex-texmf/tex/latex/pgf/utilities/pgfrcs.sty
(/usr/local/share/miktex-texmf/tex/generic/pgf/utilities/pgfutil-common.tex
\pgfutil@everybye=\toks28
\pgfutil@tempdima=\dimen179
\pgfutil@tempdimb=\dimen180

(/usr/local/share/miktex-texmf/tex/generic/pgf/utilities/pgfutil-common-lists.t
ex)) (/usr/local/share/miktex-texmf/tex/generic/pgf/utilities/pgfutil-latex.def
\pgfutil@abb=\box100
) (/usr/local/share/miktex-texmf/tex/generic/pgf/utilities/pgfrcs.code.tex
(/usr/local/share/miktex-texmf/tex/generic/pgf/pgf.revision.tex)
Package: pgfrcs 2021/05/15 v3.1.9a (3.1.9a)
))
Package: pgf 2021/05/15 v3.1.9a (3.1.9a)

(/usr/local/share/miktex-texmf/tex/latex/pgf/basiclayer/pgfcore.sty
(/usr/local/share/miktex-texmf/tex/latex/pgf/systemlayer/pgfsys.sty
(/usr/local/share/miktex-texmf/tex/generic/pgf/systemlayer/pgfsys.code.tex
Package: pgfsys 2021/05/15 v3.1.9a (3.1.9a)

(/usr/local/share/miktex-texmf/tex/generic/pgf/utilities/pgfkeys.code.tex
\pgfkeys@pathtoks=\toks29
\pgfkeys@temptoks=\toks30

(/usr/local/share/miktex-texmf/tex/generic/pgf/utilities/pgfkeysfiltered.code.t
ex
\pgfkeys@tmptoks=\toks31
))
\pgf@x=\dimen181
\pgf@y=\dimen182
\pgf@xa=\dimen183
\pgf@ya=\dimen184
\pgf@xb=\dimen185
\pgf@yb=\dimen186
\pgf@xc=\dimen187
\pgf@yc=\dimen188
\pgf@xd=\dimen189
\pgf@yd=\dimen190
\w@pgf@writea=\write3
\r@pgf@reada=\read2
\c@pgf@counta=\count299
\c@pgf@countb=\count300
\c@pgf@countc=\count301
\c@pgf@countd=\count302
\t@pgf@toka=\toks32
\t@pgf@tokb=\toks33
\t@pgf@tokc=\toks34
\pgf@sys@id@count=\count303
 (/usr/local/share/miktex-texmf/tex/generic/pgf/systemlayer/pgf.cfg
File: pgf.cfg 2021/05/15 v3.1.9a (3.1.9a)
)
Driver file for pgf: pgfsys-luatex.def

(/usr/local/share/miktex-texmf/tex/generic/pgf/systemlayer/pgfsys-luatex.def
File: pgfsys-luatex.def 2021/05/15 v3.1.9a (3.1.9a)

(/usr/local/share/miktex-texmf/tex/generic/pgf/systemlayer/pgfsys-common-pdf.de
f
File: pgfsys-common-pdf.def 2021/05/15 v3.1.9a (3.1.9a)
)))
(/usr/local/share/miktex-texmf/tex/generic/pgf/systemlayer/pgfsyssoftpath.code.
tex
File: pgfsyssoftpath.code.tex 2021/05/15 v3.1.9a (3.1.9a)
\pgfsyssoftpath@smallbuffer@items=\count304
\pgfsyssoftpath@bigbuffer@items=\count305
)
(/usr/local/share/miktex-texmf/tex/generic/pgf/systemlayer/pgfsysprotocol.code.
tex
File: pgfsysprotocol.code.tex 2021/05/15 v3.1.9a (3.1.9a)
))
(/usr/local/share/miktex-texmf/tex/generic/pgf/basiclayer/pgfcore.code.tex
Package: pgfcore 2021/05/15 v3.1.9a (3.1.9a)

(/usr/local/share/miktex-texmf/tex/generic/pgf/math/pgfmath.code.tex
(/usr/local/share/miktex-texmf/tex/generic/pgf/math/pgfmathcalc.code.tex
(/usr/local/share/miktex-texmf/tex/generic/pgf/math/pgfmathutil.code.tex)
(/usr/local/share/miktex-texmf/tex/generic/pgf/math/pgfmathparser.code.tex
\pgfmath@dimen=\dimen191
\pgfmath@count=\count306
\pgfmath@box=\box101
\pgfmath@toks=\toks35
\pgfmath@stack@operand=\toks36
\pgfmath@stack@operation=\toks37
)
(/usr/local/share/miktex-texmf/tex/generic/pgf/math/pgfmathfunctions.code.tex
(/usr/local/share/miktex-texmf/tex/generic/pgf/math/pgfmathfunctions.basic.code
.tex)
(/usr/local/share/miktex-texmf/tex/generic/pgf/math/pgfmathfunctions.trigonomet
ric.code.tex)
(/usr/local/share/miktex-texmf/tex/generic/pgf/math/pgfmathfunctions.random.cod
e.tex)
(/usr/local/share/miktex-texmf/tex/generic/pgf/math/pgfmathfunctions.comparison
.code.tex)
(/usr/local/share/miktex-texmf/tex/generic/pgf/math/pgfmathfunctions.base.code.
tex)
(/usr/local/share/miktex-texmf/tex/generic/pgf/math/pgfmathfunctions.round.code
.tex)
(/usr/local/share/miktex-texmf/tex/generic/pgf/math/pgfmathfunctions.misc.code.
tex)
(/usr/local/share/miktex-texmf/tex/generic/pgf/math/pgfmathfunctions.integerari
thmetics.code.tex)))
(/usr/local/share/miktex-texmf/tex/generic/pgf/math/pgfmathfloat.code.tex
\c@pgfmathroundto@lastzeros=\count307
))
(/usr/local/share/miktex-texmf/tex/generic/pgf/math/pgfint.code.tex)
(/usr/local/share/miktex-texmf/tex/generic/pgf/basiclayer/pgfcorepoints.code.te
x
File: pgfcorepoints.code.tex 2021/05/15 v3.1.9a (3.1.9a)
\pgf@picminx=\dimen192
\pgf@picmaxx=\dimen193
\pgf@picminy=\dimen194
\pgf@picmaxy=\dimen195
\pgf@pathminx=\dimen196
\pgf@pathmaxx=\dimen197
\pgf@pathminy=\dimen198
\pgf@pathmaxy=\dimen199
\pgf@xx=\dimen256
\pgf@xy=\dimen257
\pgf@yx=\dimen258
\pgf@yy=\dimen259
\pgf@zx=\dimen260
\pgf@zy=\dimen261
)
(/usr/local/share/miktex-texmf/tex/generic/pgf/basiclayer/pgfcorepathconstruct.
code.tex
File: pgfcorepathconstruct.code.tex 2021/05/15 v3.1.9a (3.1.9a)
\pgf@path@lastx=\dimen262
\pgf@path@lasty=\dimen263
)
(/usr/local/share/miktex-texmf/tex/generic/pgf/basiclayer/pgfcorepathusage.code
.tex
File: pgfcorepathusage.code.tex 2021/05/15 v3.1.9a (3.1.9a)
\pgf@shorten@end@additional=\dimen264
\pgf@shorten@start@additional=\dimen265
)
(/usr/local/share/miktex-texmf/tex/generic/pgf/basiclayer/pgfcorescopes.code.te
x
File: pgfcorescopes.code.tex 2021/05/15 v3.1.9a (3.1.9a)
\pgfpic=\box102
\pgf@hbox=\box103
\pgf@layerbox@main=\box104
\pgf@picture@serial@count=\count308
)
(/usr/local/share/miktex-texmf/tex/generic/pgf/basiclayer/pgfcoregraphicstate.c
ode.tex
File: pgfcoregraphicstate.code.tex 2021/05/15 v3.1.9a (3.1.9a)
\pgflinewidth=\dimen266
)
(/usr/local/share/miktex-texmf/tex/generic/pgf/basiclayer/pgfcoretransformation
s.code.tex
File: pgfcoretransformations.code.tex 2021/05/15 v3.1.9a (3.1.9a)
\pgf@pt@x=\dimen267
\pgf@pt@y=\dimen268
\pgf@pt@temp=\dimen269
)
(/usr/local/share/miktex-texmf/tex/generic/pgf/basiclayer/pgfcorequick.code.tex
File: pgfcorequick.code.tex 2021/05/15 v3.1.9a (3.1.9a)
)
(/usr/local/share/miktex-texmf/tex/generic/pgf/basiclayer/pgfcoreobjects.code.t
ex
File: pgfcoreobjects.code.tex 2021/05/15 v3.1.9a (3.1.9a)
)
(/usr/local/share/miktex-texmf/tex/generic/pgf/basiclayer/pgfcorepathprocessing
.code.tex
File: pgfcorepathprocessing.code.tex 2021/05/15 v3.1.9a (3.1.9a)
)
(/usr/local/share/miktex-texmf/tex/generic/pgf/basiclayer/pgfcorearrows.code.te
x
File: pgfcorearrows.code.tex 2021/05/15 v3.1.9a (3.1.9a)
\pgfarrowsep=\dimen270
)
(/usr/local/share/miktex-texmf/tex/generic/pgf/basiclayer/pgfcoreshade.code.tex
File: pgfcoreshade.code.tex 2021/05/15 v3.1.9a (3.1.9a)
\pgf@max=\dimen271
\pgf@sys@shading@range@num=\count309
\pgf@shadingcount=\count310
)
(/usr/local/share/miktex-texmf/tex/generic/pgf/basiclayer/pgfcoreimage.code.tex
File: pgfcoreimage.code.tex 2021/05/15 v3.1.9a (3.1.9a)

(/usr/local/share/miktex-texmf/tex/generic/pgf/basiclayer/pgfcoreexternal.code.
tex
File: pgfcoreexternal.code.tex 2021/05/15 v3.1.9a (3.1.9a)
\pgfexternal@startupbox=\box105
))
(/usr/local/share/miktex-texmf/tex/generic/pgf/basiclayer/pgfcorelayers.code.te
x
File: pgfcorelayers.code.tex 2021/05/15 v3.1.9a (3.1.9a)
)
(/usr/local/share/miktex-texmf/tex/generic/pgf/basiclayer/pgfcoretransparency.c
ode.tex
File: pgfcoretransparency.code.tex 2021/05/15 v3.1.9a (3.1.9a)
)
(/usr/local/share/miktex-texmf/tex/generic/pgf/basiclayer/pgfcorepatterns.code.
tex
File: pgfcorepatterns.code.tex 2021/05/15 v3.1.9a (3.1.9a)
)
(/usr/local/share/miktex-texmf/tex/generic/pgf/basiclayer/pgfcorerdf.code.tex
File: pgfcorerdf.code.tex 2021/05/15 v3.1.9a (3.1.9a)
)))
(/usr/local/share/miktex-texmf/tex/generic/pgf/modules/pgfmoduleshapes.code.tex
File: pgfmoduleshapes.code.tex 2021/05/15 v3.1.9a (3.1.9a)
\pgfnodeparttextbox=\box106
) (/usr/local/share/miktex-texmf/tex/generic/pgf/modules/pgfmoduleplot.code.tex
File: pgfmoduleplot.code.tex 2021/05/15 v3.1.9a (3.1.9a)
)
(/usr/local/share/miktex-texmf/tex/latex/pgf/compatibility/pgfcomp-version-0-65
.sty
Package: pgfcomp-version-0-65 2021/05/15 v3.1.9a (3.1.9a)
\pgf@nodesepstart=\dimen272
\pgf@nodesepend=\dimen273
)
(/usr/local/share/miktex-texmf/tex/latex/pgf/compatibility/pgfcomp-version-1-18
.sty
Package: pgfcomp-version-1-18 2021/05/15 v3.1.9a (3.1.9a)
)) (/usr/local/share/miktex-texmf/tex/latex/pgf/utilities/pgffor.sty
(/usr/local/share/miktex-texmf/tex/latex/pgf/utilities/pgfkeys.sty
(/usr/local/share/miktex-texmf/tex/generic/pgf/utilities/pgfkeys.code.tex))
(/usr/local/share/miktex-texmf/tex/latex/pgf/math/pgfmath.sty
(/usr/local/share/miktex-texmf/tex/generic/pgf/math/pgfmath.code.tex))
(/usr/local/share/miktex-texmf/tex/generic/pgf/utilities/pgffor.code.tex
Package: pgffor 2021/05/15 v3.1.9a (3.1.9a)

(/usr/local/share/miktex-texmf/tex/generic/pgf/math/pgfmath.code.tex)
\pgffor@iter=\dimen274
\pgffor@skip=\dimen275
\pgffor@stack=\toks38
\pgffor@toks=\toks39
))
(/usr/local/share/miktex-texmf/tex/generic/pgf/frontendlayer/tikz/tikz.code.tex
Package: tikz 2021/05/15 v3.1.9a (3.1.9a)

(/usr/local/share/miktex-texmf/tex/generic/pgf/libraries/pgflibraryplothandlers
.code.tex
File: pgflibraryplothandlers.code.tex 2021/05/15 v3.1.9a (3.1.9a)
\pgf@plot@mark@count=\count311
\pgfplotmarksize=\dimen276
)
\tikz@lastx=\dimen277
\tikz@lasty=\dimen278
\tikz@lastxsaved=\dimen279
\tikz@lastysaved=\dimen280
\tikz@lastmovetox=\dimen281
\tikz@lastmovetoy=\dimen282
\tikzleveldistance=\dimen283
\tikzsiblingdistance=\dimen284
\tikz@figbox=\box107
\tikz@figbox@bg=\box108
\tikz@tempbox=\box109
\tikz@tempbox@bg=\box110
\tikztreelevel=\count312
\tikznumberofchildren=\count313
\tikznumberofcurrentchild=\count314
\tikz@fig@count=\count315

(/usr/local/share/miktex-texmf/tex/generic/pgf/modules/pgfmodulematrix.code.tex
File: pgfmodulematrix.code.tex 2021/05/15 v3.1.9a (3.1.9a)
\pgfmatrixcurrentrow=\count316
\pgfmatrixcurrentcolumn=\count317
\pgf@matrix@numberofcolumns=\count318
)
\tikz@expandcount=\count319

(/usr/local/share/miktex-texmf/tex/generic/pgf/frontendlayer/tikz/libraries/tik
zlibrarytopaths.code.tex
File: tikzlibrarytopaths.code.tex 2021/05/15 v3.1.9a (3.1.9a)
)))
(/usr/local/share/miktex-texmf/tex/generic/pgf/frontendlayer/tikz/libraries/tik
zlibraryarrows.code.tex
File: tikzlibraryarrows.code.tex 2021/05/15 v3.1.9a (3.1.9a)

(/usr/local/share/miktex-texmf/tex/generic/pgf/libraries/pgflibraryarrows.code.
tex
File: pgflibraryarrows.code.tex 2021/05/15 v3.1.9a (3.1.9a)
\arrowsize=\dimen285
))
(/usr/local/share/miktex-texmf/tex/generic/pgf/frontendlayer/tikz/libraries/tik
zlibrarybackgrounds.code.tex
File: tikzlibrarybackgrounds.code.tex 2021/05/15 v3.1.9a (3.1.9a)
\pgf@layerbox@background=\box111
\pgf@layerboxsaved@background=\box112
)
(/usr/local/share/miktex-texmf/tex/generic/pgf/frontendlayer/tikz/libraries/tik
zlibrarycalc.code.tex
File: tikzlibrarycalc.code.tex 2021/05/15 v3.1.9a (3.1.9a)
)
(/usr/local/share/miktex-texmf/tex/generic/pgf/frontendlayer/tikz/libraries/tik
zlibrarypatterns.code.tex
File: tikzlibrarypatterns.code.tex 2021/05/15 v3.1.9a (3.1.9a)

(/usr/local/share/miktex-texmf/tex/generic/pgf/libraries/pgflibrarypatterns.cod
e.tex
File: pgflibrarypatterns.code.tex 2021/05/15 v3.1.9a (3.1.9a)
))
(/usr/local/share/miktex-texmf/tex/generic/pgf/frontendlayer/tikz/libraries/tik
zlibrarypositioning.code.tex
File: tikzlibrarypositioning.code.tex 2021/05/15 v3.1.9a (3.1.9a)
)
(/usr/local/share/miktex-texmf/tex/generic/pgf/frontendlayer/tikz/libraries/tik
zlibraryshapes.geometric.code.tex
File: tikzlibraryshapes.geometric.code.tex 2021/05/15 v3.1.9a (3.1.9a)

(/usr/local/share/miktex-texmf/tex/generic/pgf/libraries/shapes/pgflibraryshape
s.geometric.code.tex
File: pgflibraryshapes.geometric.code.tex 2021/05/15 v3.1.9a (3.1.9a)
))
(/usr/local/share/miktex-texmf/tex/latex/pgf/utilities/pgfcalendar.sty
(/usr/local/share/miktex-texmf/tex/generic/pgf/utilities/pgfcalendar.code.tex
File: pgfcalendar.code.tex 2021/05/15 v3.1.9a (3.1.9a)

(/usr/local/share/miktex-texmf/tex/generic/pgf/math/pgfint.code.tex)
\pgfcalendarcurrentjulian=\count320
\pgf@cal@easter@Y=\count321
\pgf@cal@easter@G=\count322
\pgf@cal@easter@C=\count323
\pgf@cal@easter@X=\count324
\pgf@cal@easter@Z=\count325
\pgf@cal@easter@D=\count326
\pgf@cal@easter@E=\count327
\pgf@cal@easter@N=\count328
\pgf@cal@easter@M=\count329
\pgf@cal@easter@julianday=\count330
))
\gtt@currentline=\count331
\gtt@lasttitleline=\count332
\gtt@currgrid=\count333
\gtt@chartwidth=\count334
\gtt@lasttitleslot=\count335
\gtt@elementid=\count336
\gtt@today@slot=\count337
\gtt@startjulian=\count338
\gtt@endjulian=\count339
\gtt@chartid=\count340
\gtt@vrule@slot=\count341
\gtt@calendar@slots=\count342
\gtt@calendar@weeknumber=\count343
\gtt@calendar@startofweek=\count344
\gtt@left@slot=\count345
\gtt@right@slot=\count346
)
(/usr/local/share/miktex-texmf/tex/latex/graphics/rotating.sty
Package: rotating 2016/08/11 v2.16d rotated objects in LaTeX

(/usr/local/share/miktex-texmf/tex/latex/base/ifthen.sty
Package: ifthen 2020/11/24 v1.1c Standard LaTeX ifthen package (DPC)
)
\c@r@tfl@t=\count347
\rotFPtop=\skip56
\rotFPbot=\skip57
\rot@float@box=\box113
\rot@mess@toks=\toks40
)
(/usr/local/share/miktex-texmf/tex/latex/tcolorbox/tcolorbox.sty
Package: tcolorbox 2022/01/07 version 5.0.2 text color boxes

(/usr/local/share/miktex-texmf/tex/latex/tools/verbatim.sty
Package: verbatim 2020-07-07 v1.5u LaTeX2e package for verbatim enhancements
\every@verbatim=\toks41
\verbatim@line=\toks42
\verbatim@in@stream=\read3
)
(/usr/local/share/miktex-texmf/tex/latex/environ/environ.sty
Package: environ 2014/05/04 v0.3 A new way to define environments

(/usr/local/share/miktex-texmf/tex/latex/trimspaces/trimspaces.sty
Package: trimspaces 2009/09/17 v1.1 Trim spaces around a token list
))
(/usr/local/share/miktex-texmf/tex/latex/etoolbox/etoolbox.sty
Package: etoolbox 2020/10/05 v2.5k e-TeX tools for LaTeX (JAW)
\etb@tempcnta=\count348
)
\tcb@titlebox=\box114
\tcb@upperbox=\box115
\tcb@lowerbox=\box116
\tcb@phantombox=\box117
\c@tcbbreakpart=\count349
\c@tcblayer=\count350
\c@tcolorbox@number=\count351
\tcb@temp=\box118
\tcb@temp=\box119
\tcb@temp=\box120
\tcb@temp=\box121

(/usr/local/share/miktex-texmf/tex/latex/tcolorbox/tcbraster.code.tex
Library (tcolorbox): 'tcbraster.code.tex' version '5.0.2'
\c@tcbrastercolumn=\count352
\c@tcbrasterrow=\count353
\c@tcbrasternum=\count354
\c@tcbraster=\count355
) (/usr/local/share/miktex-texmf/tex/latex/tcolorbox/tcbskins.code.tex
Library (tcolorbox): 'tcbskins.code.tex' version '5.0.2'
\tcb@waterbox=\box122
(/usr/local/share/miktex-texmf/tex/latex/tcolorbox/tcbskinsjigsaw.code.tex
Library (tcolorbox): 'tcbskinsjigsaw.code.tex' version '5.0.2'
)) (/usr/local/share/miktex-texmf/tex/latex/tcolorbox/tcbbreakable.code.tex
Library (tcolorbox): 'tcbbreakable.code.tex' version '5.0.2'
(/usr/local/share/miktex-texmf/tex/generic/oberdiek/pdfcol.sty
Package: pdfcol 2019/12/29 v1.6 Handle new color stacks for pdfTeX (HO)
)
Package pdfcol Info: New color stack `tcb@breakable' = 1 on input line 23.
\tcb@testbox=\box123
\tcb@totalupperbox=\box124
\tcb@totallowerbox=\box125

(/usr/local/share/miktex-texmf/tex/generic/iftex/ifluatex.sty
Package: ifluatex 2019/10/25 v1.5 ifluatex legacy package. Use iftex instead.
))
(/usr/local/share/miktex-texmf/tex/latex/tcolorbox/tcbhooks.code.tex
Library (tcolorbox): 'tcbhooks.code.tex' version '5.0.2'
) (/usr/local/share/miktex-texmf/tex/latex/tcolorbox/tcbtheorems.code.tex
Library (tcolorbox): 'tcbtheorems.code.tex' version '5.0.2'
) (/usr/local/share/miktex-texmf/tex/latex/tcolorbox/tcbfitting.code.tex
Library (tcolorbox): 'tcbfitting.code.tex' version '5.0.2'
\tcbfitdim=\dimen286
\tcb@lowerfitdim=\dimen287
\tcb@upperfitdim=\dimen288
\tcb@cur@hbadness=\count356
) (/usr/local/share/miktex-texmf/tex/latex/tcolorbox/tcbxparse.code.tex
Library (tcolorbox): 'tcbxparse.code.tex' version '5.0.2'
(/usr/local/share/miktex-texmf/tex/latex/l3packages/xparse/xparse.sty
(/usr/local/share/miktex-texmf/tex/latex/l3kernel/expl3.sty
Package: expl3 2022-02-24 L3 programming layer (loader) 

(/usr/local/share/miktex-texmf/tex/latex/l3backend/l3backend-luatex.def
File: l3backend-luatex.def 2022-02-07 L3 backend support: PDF output (LuaTeX)
\l__color_backend_stack_int=\count357
\l__pdf_internal_box=\box126
))
Package: xparse 2022-01-12 L3 Experimental document command parser
))
(/usr/local/share/miktex-texmf/tex/latex/tcolorbox/tcblistingsutf8.code.tex
Library (tcolorbox): 'tcblistingsutf8.code.tex' version '5.0.2'
(/usr/local/share/miktex-texmf/tex/latex/tcolorbox/tcblistings.code.tex
Library (tcolorbox): 'tcblistings.code.tex' version '5.0.2'
(/usr/local/share/miktex-texmf/tex/latex/listings/listings.sty
\lst@mode=\count358
\lst@gtempboxa=\box127
\lst@token=\toks43
\lst@length=\count359
\lst@currlwidth=\dimen289
\lst@column=\count360
\lst@pos=\count361
\lst@lostspace=\dimen290
\lst@width=\dimen291
\lst@newlines=\count362
\lst@lineno=\count363
\lst@maxwidth=\dimen292

(/usr/local/share/miktex-texmf/tex/latex/listings/lstmisc.sty
File: lstmisc.sty 2020/03/24 1.8d (Carsten Heinz)
\c@lstnumber=\count364
\lst@skipnumbers=\count365
\lst@framebox=\box128
)
(/usr/local/share/miktex-texmf/tex/latex/listings/listings.cfg
File: listings.cfg 2020/03/24 1.8d listings configuration
))
Package: listings 2020/03/24 1.8d (Carsten Heinz)

(/usr/local/share/miktex-texmf/tex/latex/tcolorbox/tcblistingscore.code.tex
Library (tcolorbox): 'tcblistingscore.code.tex' version '5.0.2'
(/usr/local/share/miktex-texmf/tex/latex/tcolorbox/tcbprocessing.code.tex
Library (tcolorbox): 'tcbprocessing.code.tex' version '5.0.2'
(/usr/local/share/miktex-texmf/tex/latex/tools/shellesc.sty
Package: shellesc 2019/11/08 v1.0c unified shell escape interface for LaTeX
Package shellesc Info: Unrestricted shell escape enabled on input line 75.
))
\c@tcblisting=\count366
))
Package tcolorbox Info: Library `listingsutf8' is compatible with pdftex only. 
Library `listings` is loaded instead. on input line 29.
)
(/usr/local/share/miktex-texmf/tex/latex/tcolorbox/tcbexternal.code.tex
Library (tcolorbox): 'tcbexternal.code.tex' version '5.0.2'
) (/usr/local/share/miktex-texmf/tex/latex/tcolorbox/tcbmagazine.code.tex
Library (tcolorbox): 'tcbmagazine.code.tex' version '5.0.2'
) (/usr/local/share/miktex-texmf/tex/latex/tcolorbox/tcbvignette.code.tex
Library (tcolorbox): 'tcbvignette.code.tex' version '5.0.2'

(/usr/local/share/miktex-texmf/tex/generic/pgf/frontendlayer/tikz/libraries/tik
zlibraryfadings.code.tex
File: tikzlibraryfadings.code.tex 2021/05/15 v3.1.9a (3.1.9a)

(/usr/local/share/miktex-texmf/tex/generic/pgf/libraries/pgflibraryfadings.code
.tex
File: pgflibraryfadings.code.tex 2021/05/15 v3.1.9a (3.1.9a)
))) (/usr/local/share/miktex-texmf/tex/latex/tcolorbox/tcbposter.code.tex
Library (tcolorbox): 'tcbposter.code.tex' version '5.0.2'
)) (/home/kushik/.miktex/texmfs/install/tex/latex/minted/minted.sty
Package: minted 2021/12/24 v2.6 Yet another Pygments shim for LaTeX

(/home/kushik/.miktex/texmfs/install/tex/latex/fvextra/fvextra.sty
Package: fvextra 2019/02/04 v1.4 fvextra - extensions and patches for fancyvrb

(/home/kushik/.miktex/texmfs/install/tex/latex/fancyvrb/fancyvrb.sty
Package: fancyvrb 2021/12/21 4.1b verbatim text (tvz,hv)
\FV@CodeLineNo=\count367
\FV@InFile=\read4
\FV@TabBox=\box129
\c@FancyVerbLine=\count368
\FV@StepNumber=\count369
\FV@OutFile=\write4
)
(/home/kushik/.miktex/texmfs/install/tex/latex/upquote/upquote.sty
Package: upquote 2012/04/19 v1.3 upright-quote and grave-accent glyphs in verba
tim

(/usr/local/share/miktex-texmf/tex/latex/base/textcomp.sty
Package: textcomp 2020/02/02 v2.0n Standard LaTeX package
))
(/home/kushik/.miktex/texmfs/install/tex/latex/lineno/lineno.sty
Package: lineno 2005/11/02 line numbers on paragraphs v4.41
\linenopenalty=\count370
\output=\toks44
\linenoprevgraf=\count371
\linenumbersep=\dimen293
\linenumberwidth=\dimen294
\c@linenumber=\count372
\c@pagewiselinenumber=\count373
\c@LN@truepage=\count374
\c@internallinenumber=\count375
\c@internallinenumbers=\count376
\quotelinenumbersep=\dimen295
\bframerule=\dimen296
\bframesep=\dimen297
\bframebox=\box130
LaTeX Info: Redefining \\ on input line 3056.
)
\c@FV@TrueTabGroupLevel=\count377
\c@FV@TrueTabCounter=\count378
\FV@TabBox@Group=\box131
\FV@TmpLength=\skip58
\c@FV@HighlightLinesStart=\count379
\c@FV@HighlightLinesStop=\count380
\FV@LoopCount=\count381
\FV@NCharsBox=\box132
\FV@BreakIndent=\dimen298
\FV@BreakIndentNChars=\count382
\FV@BreakSymbolSepLeft=\dimen299
\FV@BreakSymbolSepLeftNChars=\count383
\FV@BreakSymbolSepRight=\dimen300
\FV@BreakSymbolSepRightNChars=\count384
\FV@BreakSymbolIndentLeft=\dimen301
\FV@BreakSymbolIndentLeftNChars=\count385
\FV@BreakSymbolIndentRight=\dimen302
\FV@BreakSymbolIndentRightNChars=\count386
\c@FancyVerbLineBreakLast=\count387
\FV@LineBox=\box133
\FV@LineIndentBox=\box134
\FV@LineWidth=\dimen303
)
(/usr/local/share/miktex-texmf/tex/latex/tools/calc.sty
Package: calc 2017/05/25 v4.3 Infix arithmetic (KKT,FJ)
\calc@Acount=\count388
\calc@Bcount=\count389
\calc@Adimen=\dimen304
\calc@Bdimen=\dimen305
\calc@Askip=\skip59
\calc@Bskip=\skip60
LaTeX Info: Redefining \setlength on input line 80.
LaTeX Info: Redefining \addtolength on input line 81.
\calc@Ccount=\count390
\calc@Cskip=\skip61
)
(/home/kushik/.miktex/texmfs/install/tex/latex/ifplatform/ifplatform.sty
Package: ifplatform 2017/10/13 v0.4a Testing for the operating system

(/home/kushik/.miktex/texmfs/install/tex/generic/catchfile/catchfile.sty
Package: catchfile 2019/12/09 v1.8 Catch the contents of a file (HO)
)
runsystem(uname -s > "check.w18")...executed

(./check.w18)
runsystem(rm -- "check.w18")...executed
)
(/home/kushik/.miktex/texmfs/install/tex/latex/xstring/xstring.sty
(/home/kushik/.miktex/texmfs/install/tex/generic/xstring/xstring.tex
\integerpart=\count391
\decimalpart=\count392
)
Package: xstring 2021/07/21 v1.84 String manipulations (CT)
)
(/home/kushik/.miktex/texmfs/install/tex/latex/framed/framed.sty
Package: framed 2011/10/22 v 0.96: framed or shaded text with page breaks
\OuterFrameSep=\skip62
\fb@frw=\dimen306
\fb@frh=\dimen307
\FrameRule=\dimen308
\FrameSep=\dimen309
)
\minted@appexistsfile=\read5
\minted@bgbox=\box135
\minted@code=\write5
\c@minted@FancyVerbLineTemp=\count393
\c@minted@pygmentizecounter=\count394
\@float@every@listing=\toks45
\c@listing=\count395
)
runsystem(mkdir -p _minted-check)...executed
runsystem(which pygmentize && touch check.aex)...executed
runsystem(rm check.aex)...executed
 (./check.aux)
\openout1 = check.aux

LaTeX Font Info:    Checking defaults for OML/cmm/m/it on input line 43.
LaTeX Font Info:    ... okay on input line 43.
LaTeX Font Info:    Checking defaults for OMS/cmsy/m/n on input line 43.
LaTeX Font Info:    ... okay on input line 43.
LaTeX Font Info:    Checking defaults for OT1/cmr/m/n on input line 43.
LaTeX Font Info:    ... okay on input line 43.
LaTeX Font Info:    Checking defaults for T1/cmr/m/n on input line 43.
LaTeX Font Info:    ... okay on input line 43.
LaTeX Font Info:    Checking defaults for TS1/cmr/m/n on input line 43.
LaTeX Font Info:    Trying to load font information for TS1+cmr on input line 4
3.
 (/usr/local/share/miktex-texmf/tex/latex/base/ts1cmr.fd
File: ts1cmr.fd 2019/12/16 v2.5j Standard LaTeX font definitions
)
LaTeX Font Info:    ... okay on input line 43.
LaTeX Font Info:    Checking defaults for TU/lmr/m/n on input line 43.
LaTeX Font Info:    ... okay on input line 43.
LaTeX Font Info:    Checking defaults for OMX/cmex/m/n on input line 43.
LaTeX Font Info:    ... okay on input line 43.
LaTeX Font Info:    Checking defaults for U/cmr/m/n on input line 43.
LaTeX Font Info:    ... okay on input line 43.
LaTeX Font Info:    Checking defaults for PD1/pdf/m/n on input line 43.
LaTeX Font Info:    ... okay on input line 43.
LaTeX Font Info:    Checking defaults for PU/pdf/m/n on input line 43.
LaTeX Font Info:    ... okay on input line 43.

*geometry* driver: auto-detecting
*geometry* detected driver: luatex
*geometry* verbose mode - [ preamble ] result:
* driver: luatex
* paper: <default>
* layout: <same size as paper>
* layoutoffset:(h,v)=(0.0pt,0.0pt)
* modes: 
* h-part:(L,W,R)=(72.26999pt, 469.75502pt, 72.26999pt)
* v-part:(T,H,B)=(72.26999pt, 650.43001pt, 72.26999pt)
* \paperwidth=614.295pt
* \paperheight=794.96999pt
* \textwidth=469.75502pt
* \textheight=650.43001pt
* \oddsidemargin=0.0pt
* \evensidemargin=0.0pt
* \topmargin=-37.0pt
* \headheight=12.0pt
* \headsep=25.0pt
* \topskip=12.0pt
* \footskip=30.0pt
* \marginparwidth=44.0pt
* \marginparsep=10.0pt
* \columnsep=10.0pt
* \skip\footins=10.8pt plus 4.0pt minus 2.0pt
* \hoffset=0.0pt
* \voffset=0.0pt
* \mag=1000
* \@twocolumnfalse
* \@twosidefalse
* \@mparswitchfalse
* \@reversemarginfalse
* (1in=72.27pt=25.4mm, 1cm=28.453pt)

(/usr/local/share/miktex-texmf/tex/context/base/mkii/supp-pdf.mkii
[Loading MPS to PDF converter (version 2006.09.02).]
\scratchcounter=\count396
\scratchdimen=\dimen310
\scratchbox=\box136
\nofMPsegments=\count397
\nofMParguments=\count398
\everyMPshowfont=\toks46
\MPscratchCnt=\count399
\MPscratchDim=\dimen311
\MPnumerator=\count400
\makeMPintoPDFobject=\count401
\everyMPtoPDFconversion=\toks47
) (/usr/local/share/miktex-texmf/tex/latex/epstopdf-pkg/epstopdf-base.sty
Package: epstopdf-base 2020-01-24 v2.11 Base part for package epstopdf
Package epstopdf-base Info: Redefining graphics rule for `.eps' on input line 4
85.

(/usr/local/share/miktex-texmf/tex/latex/00miktex/epstopdf-sys.cfg
File: epstopdf-sys.cfg 2021/03/18 v2.0 Configuration of epstopdf for MiKTeX
))
Package hyperref Info: Link coloring OFF on input line 43.

(/usr/local/share/miktex-texmf/tex/latex/hyperref/nameref.sty
Package: nameref 2021-04-02 v2.47 Cross-referencing by name of section

(/home/kushik/.miktex/texmfs/install/tex/latex/refcount/refcount.sty
Package: refcount 2019/12/15 v3.6 Data extraction from label references (HO)
)
(/home/kushik/.miktex/texmfs/install/tex/generic/gettitlestring/gettitlestring.
sty
Package: gettitlestring 2019/12/15 v1.6 Cleanup title references (HO)
)
\c@section@level=\count402
)
LaTeX Info: Redefining \ref on input line 43.
LaTeX Info: Redefining \pageref on input line 43.
LaTeX Info: Redefining \nameref on input line 43.
 (./check.out) (./check.out)
\@outlinefile=\write6

\openout6 = check.out
Package caption Info: Begin \AtBeginDocument code.
Package caption Info: listings package is loaded.
Package caption Info: rotating package is loaded.
Package caption Info: End \AtBeginDocument code.
\c@lstlisting=\count403
LaTeX Font Info:    Trying to load font information for T1+ppl on input line 45
.

(/home/kushik/.miktex/texmfs/install/tex/latex/psnfss/t1ppl.fd
File: t1ppl.fd 2001/06/04 font definitions for T1/ppl.
)
LaTeX Font Info:    Trying to load font information for U+msa on input line 61.


(/usr/local/share/miktex-texmf/tex/latex/amsfonts/umsa.fd
File: umsa.fd 2013/01/14 v3.01 AMS symbols A
)
LaTeX Font Info:    Trying to load font information for U+msb on input line 61.


(/usr/local/share/miktex-texmf/tex/latex/amsfonts/umsb.fd
File: umsb.fd 2013/01/14 v3.01 AMS symbols B
)
Underfull \hbox (badness 10000) in paragraph at lines 69--70

 []

[1

{/home/kushik/.miktex/texmfs/data/fonts/map/pdftex/pdftex.map}]
\openout4 = check.pyg

(./_minted-check/default.pygstyle)
(./_minted-check/7928C495743490297E0504B4FC61D5847A89F1F2CD020F52767C856FE70A42
D9.pygtex
LaTeX Font Info:    Trying to load font information for T1+lmtt on input line 1
.
 (/usr/local/share/miktex-texmf/tex/latex/lm/t1lmtt.fd
File: t1lmtt.fd 2009/10/30 v1.6 Font defs for Latin Modern
)
LaTeX Font Info:    Trying to load font information for TS1+lmtt on input line 
5.

(/usr/local/share/miktex-texmf/tex/latex/lm/ts1lmtt.fd
File: ts1lmtt.fd 2009/10/30 v1.6 Font defs for Latin Modern
))
\openout4 = check.pyg

(./_minted-check/84DFCED3DC122D7FB33BA8A31DB99CF37A89F1F2CD020F52767C856FE70A42
D9.pygtex
LaTeX Font Info:    Font shape `T1/lmtt/bx/n' in size <10> not available
(Font)              Font shape `T1/lmtt/b/n' tried instead on input line 7.
) [2]
\openout4 = check.pyg

(./_minted-check/9A65BBB486CE3A1CDF75EFD59C98C4247A89F1F2CD020F52767C856FE70A42
D9.pygtex)
\openout4 = check.pyg

(./_minted-check/3A9F3045E57D52A66D7BE77C814ED8FE7A89F1F2CD020F52767C856FE70A42
D9.pygtex) [3]
Overfull \hbox (38.5817pt too wide) in paragraph at lines 198--199
\T1/ppl/m/n/12 from the an-a-lytic ex-pres-sion are close for this dis-tri-bu-ti
on too; in fact within $\OT1/cmr/m/n/12 0\OML/cmm/m/it/12 :\OT1/cmr/m/n/12 96859
93662716086%$
 []


Overfull \hbox (16.76822pt too wide) in paragraph at lines 218--219
\T1/ppl/m/n/12 com-pare it to the out-put of an al-go-rithm. From sec-tion 1.2.1
 Boris Up-date in the \T1/ppl/b/n/12 checks.ipynb
 []


\openout4 = check.pyg

(./_minted-check/2906DF1C2A251BDD7E45658E95456C767A89F1F2CD020F52767C856FE70A42
D9.pygtex)
\openout4 = check.pyg

(./_minted-check/E23AA2CB6B58318B8BAE4E8FC7B86BDB7A89F1F2CD020F52767C856FE70A42
D9.pygtex) [4]
\openout4 = check.pyg

(./_minted-check/D4B65FBEE4A97309D16B112E730966BE7A89F1F2CD020F52767C856FE70A42
D9.pygtex) [5]
Overfull \hbox (25.45924pt too wide) detected at line 324
\OML/cmm/m/it/12 q[] \OT1/cmr/m/n/12 = [][] = [][] = 4\OML/cmm/m/it/12 :\OT1/cm
r/m/n/12 78597877761177 C s [][]
 []


Overfull \hbox (41.21245pt too wide) detected at line 339
[][] \OT1/cmr/m/n/12 = [][] + 2\OML/cmm/m/it/12 q[] [] \OT1/cmr/m/n/12 = [] + 2 \OMS/cmsy/m/n/12  \OT1/cmr/m/n/12 4\OML/cmm/m/it/12 :\OT1/cmr/m/n/12 78597877761177 []
 []


Overfull \hbox (15.31853pt too wide) detected at line 358
[][] \OT1/cmr/m/n/12 = [][] + \OML/cmm/m/it/12 t [][] \OT1/cmr/m/n/12 = [] + 10
[]   [] = []
 []

[6]
Overfull \hbox (41.21245pt too wide) detected at line 400
[][] \OT1/cmr/m/n/12 = [][] + 2\OML/cmm/m/it/12 q[] [] \OT1/cmr/m/n/12 = [] + 2 \OMS/cmsy/m/n/12  \OT1/cmr/m/n/12 4\OML/cmm/m/it/12 :\OT1/cmr/m/n/12 78597877761177 []
 []


\openout4 = check.pyg
[7]
(./_minted-check/574F58877404486AC01CC3AA368375327A89F1F2CD020F52767C856FE70A42
D9.pygtex)
\openout4 = check.pyg

(./_minted-check/073E186A24AA6E02324A5D867A4C62DC7A89F1F2CD020F52767C856FE70A42
D9.pygtex)
Overfull \vbox (2.77989pt too high) detected at line 489
 []

[8]
\openout4 = check.pyg

(./_minted-check/6BFD61FC3083EC8780E531D2924572917A89F1F2CD020F52767C856FE70A42
D9.pygtex)
\openout4 = check.pyg

(./_minted-check/CD52927FF2083CB7BB44D7EA0DD5552B7A89F1F2CD020F52767C856FE70A42
D9.pygtex) [9]
<EplusPs1.png, id=148, 433.62pt x 289.08pt>
File: EplusPs1.png Graphic file (type png)
<use EplusPs1.png>
Package luatex.def Info: EplusPs1.png  used on input line 577.
(luatex.def)             Requested size: 229.87704pt x 170.71451pt.
<EminusPs1.png, id=149, 433.62pt x 289.08pt>
File: EminusPs1.png Graphic file (type png)
<use EminusPs1.png>
Package luatex.def Info: EminusPs1.png  used on input line 578.
(luatex.def)             Requested size: 229.87704pt x 170.71451pt.
 [10]
\openout4 = check.pyg

(./_minted-check/B9B15527A12E871D1EED1FF191E22D987A89F1F2CD020F52767C856FE70A42
D9.pygtex) [11<./EplusPs1.png><./EminusPs1.png>]
\openout4 = check.pyg

(./_minted-check/F5DCB65C84AC15CD956D14558BDE95027A89F1F2CD020F52767C856FE70A42
D9.pygtex)
<ps1.png, id=162, 433.62pt x 289.08pt>
File: ps1.png Graphic file (type png)
<use ps1.png>
Package luatex.def Info: ps1.png  used on input line 662.
(luatex.def)             Requested size: 229.87704pt x 170.71451pt.
<psx1.png, id=163, 433.62pt x 289.08pt>
File: psx1.png Graphic file (type png)
<use psx1.png>
Package luatex.def Info: psx1.png  used on input line 663.
(luatex.def)             Requested size: 229.87704pt x 170.71451pt.
<psy1.png, id=164, 433.62pt x 289.08pt>
File: psy1.png Graphic file (type png)
<use psy1.png>
Package luatex.def Info: psy1.png  used on input line 668.
(luatex.def)             Requested size: 229.87704pt x 170.71451pt.
<psz1.png, id=165, 433.62pt x 289.08pt>
File: psz1.png Graphic file (type png)
<use psz1.png>
Package luatex.def Info: psz1.png  used on input line 669.
(luatex.def)             Requested size: 229.87704pt x 170.71451pt.
 [12]
\openout4 = check.pyg

(./_minted-check/4CA71E760C5E568BF7D4A2AD99714DEA7A89F1F2CD020F52767C856FE70A42
D9.pygtex) [13<./ps1.png><./psx1.png><./psy1.png><./psz1.png>]
<vs1.png, id=180, 433.62pt x 289.08pt>
File: vs1.png Graphic file (type png)
<use vs1.png>
Package luatex.def Info: vs1.png  used on input line 721.
(luatex.def)             Requested size: 229.87704pt x 170.71451pt.
<vsx1.png, id=181, 433.62pt x 289.08pt>
File: vsx1.png Graphic file (type png)
<use vsx1.png>
Package luatex.def Info: vsx1.png  used on input line 722.
(luatex.def)             Requested size: 229.87704pt x 170.71451pt.
<vsy1.png, id=182, 433.62pt x 289.08pt>
File: vsy1.png Graphic file (type png)
<use vsy1.png>
Package luatex.def Info: vsy1.png  used on input line 727.
(luatex.def)             Requested size: 229.87704pt x 170.71451pt.
<vsz1.png, id=183, 433.62pt x 289.08pt>
File: vsz1.png Graphic file (type png)
<use vsz1.png>
Package luatex.def Info: vsz1.png  used on input line 728.
(luatex.def)             Requested size: 229.87704pt x 170.71451pt.
 [14<./vs1.png><./vsx1.png>]
Underfull \hbox (badness 10000) in paragraph at lines 737--738

 []

[15<./vsy1.png><./vsz1.png>]
\openout4 = check.pyg

(./_minted-check/6E092D43161D2196DC83FAA73D89681E7A89F1F2CD020F52767C856FE70A42
D9.pygtex) [16]
\openout4 = check.pyg

(./_minted-check/A10332EE40AB8689B9C0808B01CF65FA7A89F1F2CD020F52767C856FE70A42
D9.pygtex) [17]
\openout4 = check.pyg

(./_minted-check/6D7CD9B41DEF26F00FC421CA4A26FAAE7A89F1F2CD020F52767C856FE70A42
D9.pygtex) [18]
\openout4 = check.pyg

(./_minted-check/7B63026D410BE6BCEA9D3E8F8941D4617A89F1F2CD020F52767C856FE70A42
D9.pygtex) [19]
Underfull \vbox (badness 10000) detected at line 998
 []


Overfull \vbox (9.56775pt too high) detected at line 998
 []

[20]
<multips1.png, id=232, 433.62pt x 289.08pt>
File: multips1.png Graphic file (type png)
<use multips1.png>
Package luatex.def Info: multips1.png  used on input line 1004.
(luatex.def)             Requested size: 229.87704pt x 170.71451pt.
<multipsx1.png, id=233, 433.62pt x 289.08pt>
File: multipsx1.png Graphic file (type png)
<use multipsx1.png>
Package luatex.def Info: multipsx1.png  used on input line 1005.
(luatex.def)             Requested size: 229.87704pt x 170.71451pt.
<multipsy1.png, id=234, 433.62pt x 289.08pt>
File: multipsy1.png Graphic file (type png)
<use multipsy1.png>
Package luatex.def Info: multipsy1.png  used on input line 1010.
(luatex.def)             Requested size: 229.87704pt x 170.71451pt.
<multipsz1.png, id=235, 433.62pt x 289.08pt>
File: multipsz1.png Graphic file (type png)
<use multipsz1.png>
Package luatex.def Info: multipsz1.png  used on input line 1011.
(luatex.def)             Requested size: 229.87704pt x 170.71451pt.
 [21<./multips1.png><./multipsx1.png>]
\openout4 = check.pyg

(./_minted-check/03F85A78344D8B60BF68C7B32EB216077A89F1F2CD020F52767C856FE70A42
D9.pygtex)
Underfull \vbox (badness 1688) detected at line 1073
 []

[22<./multipsy1.png><./multipsz1.png>]
<multivs1.png, id=256, 433.62pt x 289.08pt>
File: multivs1.png Graphic file (type png)
<use multivs1.png>
Package luatex.def Info: multivs1.png  used on input line 1078.
(luatex.def)             Requested size: 229.87704pt x 170.71451pt.
<multivsx1.png, id=257, 433.62pt x 289.08pt>
File: multivsx1.png Graphic file (type png)
<use multivsx1.png>
Package luatex.def Info: multivsx1.png  used on input line 1079.
(luatex.def)             Requested size: 229.87704pt x 170.71451pt.
<multivsy1.png, id=258, 433.62pt x 289.08pt>
File: multivsy1.png Graphic file (type png)
<use multivsy1.png>
Package luatex.def Info: multivsy1.png  used on input line 1084.
(luatex.def)             Requested size: 229.87704pt x 170.71451pt.
<multivsz1.png, id=259, 433.62pt x 289.08pt>
File: multivsz1.png Graphic file (type png)
<use multivsz1.png>
Package luatex.def Info: multivsz1.png  used on input line 1085.
(luatex.def)             Requested size: 229.87704pt x 170.71451pt.
 [23]
\openout4 = check.pyg

(./_minted-check/8E14FCAB79DA0D7C44145B9762FBB7247A89F1F2CD020F52767C856FE70A42
D9.pygtex)
Overfull \vbox (7.40924pt too high) detected at line 1173
 []

[24<./multivs1.png><./multivsx1.png><./multivsy1.png><./multivsz1.png>]
Underfull \vbox (badness 10000) detected at line 1173
 []


Underfull \vbox (badness 10000) detected at line 1173
 []

[25]
\openout4 = check.pyg

(./_minted-check/F011979E352C65F033BF820C959EC5417A89F1F2CD020F52767C856FE70A42
D9.pygtex) [26]
Underfull \hbox (badness 10000) in paragraph at lines 1236--1239

 []

[27] [28] (./check.aux)
Package rerunfilecheck Info: File `check.out' has not changed.
(rerunfilecheck)             Checksum: E619B61941C901721D2FFB318D2289B6;1375.
runsystem(rm check.pyg)...executed
)

Here is how much of LuaTeX's memory you used:
 35859 strings out of 477792
 100000,1144653 words of node,token memory allocated
 2169 words of node memory still in use:
   30 hlist, 2 vlist, 14 rule, 2 glue, 109 kern, 1 glyph, 161 attribute, 61 glue
_spec, 161 attribute_list, 2 write, 24 pdf_literal, 24 pdf_colorstack nodes
   avail lists: 2:4263,3:1118,4:604,5:428,6:126,7:6148,8:108,9:1201,10:21,11:321

 54722 multiletter control sequences out of 65536+600000
 77 fonts using 5053063 bytes
 99i,22n,95p,894b,908s stack positions out of 5000i,500n,10000p,200000b,80000s
{/usr/local/share/miktex-texmf/fonts/enc/dvips/base/8r.enc}{/usr/local/share/mik
tex-texmf/fonts/enc/dvips/lm/lm-ts1.enc}{/usr/local/share/miktex-texmf/fonts/enc
/dvips/lm/lm-ec.enc}</usr/local/share/miktex-texmf/fonts/type1/public/amsfonts/c
m/cmbx12.pfb></usr/local/share/miktex-texmf/fonts/type1/public/amsfonts/cm/cmbx8
.pfb></usr/local/share/miktex-texmf/fonts/type1/public/amsfonts/cm/cmex10.pfb></
usr/local/share/miktex-texmf/fonts/type1/public/amsfonts/cm/cmmi12.pfb></usr/loc
al/share/miktex-texmf/fonts/type1/public/amsfonts/cm/cmmi6.pfb></usr/local/share
/miktex-texmf/fonts/type1/public/amsfonts/cm/cmmi8.pfb></usr/local/share/miktex-
texmf/fonts/type1/public/amsfonts/cm/cmmib10.pfb></usr/local/share/miktex-texmf/
fonts/type1/public/amsfonts/cm/cmr12.pfb></usr/local/share/miktex-texmf/fonts/ty
pe1/public/amsfonts/cm/cmr6.pfb></usr/local/share/miktex-texmf/fonts/type1/publi
c/amsfonts/cm/cmr8.pfb></usr/local/share/miktex-texmf/fonts/type1/public/amsfont
s/cm/cmsy10.pfb></usr/local/share/miktex-texmf/fonts/type1/public/amsfonts/cm/cm
sy6.pfb></usr/local/share/miktex-texmf/fonts/type1/public/amsfonts/cm/cmsy8.pfb>
</usr/local/share/miktex-texmf/fonts/type1/public/lm/lmbx12.pfb></usr/local/shar
e/miktex-texmf/fonts/type1/public/lm/lmr12.pfb></usr/local/share/miktex-texmf/fo
nts/type1/public/lm/lmr6.pfb></usr/local/share/miktex-texmf/fonts/type1/public/l
m/lmtk10.pfb></usr/local/share/miktex-texmf/fonts/type1/public/lm/lmtt10.pfb></u
sr/local/share/miktex-texmf/fonts/type1/public/lm/lmtt12.pfb></usr/local/share/m
iktex-texmf/fonts/type1/public/lm/lmtti10.pfb></usr/local/share/miktex-texmf/fon
ts/type1/urw/palatino/uplb8a.pfb></usr/local/share/miktex-texmf/fonts/type1/urw/
palatino/uplr8a.pfb></usr/local/share/miktex-texmf/fonts/type1/urw/palatino/uplr
i8a.pfb>
Output written on check.pdf (28 pages, 679586 bytes).

PDF statistics: 378 PDF objects out of 1000 (max. 8388607)
 54 named destinations out of 1000 (max. 131072)
 336 words of extra memory for PDF output out of 10000 (max. 100000000)

